#! /opt/homebrew/Cellar/icarus-verilog/12.0/bin/vvp
:ivl_version "12.0 (stable)";
:ivl_delay_selection "TYPICAL";
:vpi_time_precision - 13;
:vpi_module "/opt/homebrew/Cellar/icarus-verilog/12.0/lib/ivl/system.vpi";
:vpi_module "/opt/homebrew/Cellar/icarus-verilog/12.0/lib/ivl/vhdl_sys.vpi";
:vpi_module "/opt/homebrew/Cellar/icarus-verilog/12.0/lib/ivl/vhdl_textio.vpi";
:vpi_module "/opt/homebrew/Cellar/icarus-verilog/12.0/lib/ivl/v2005_math.vpi";
:vpi_module "/opt/homebrew/Cellar/icarus-verilog/12.0/lib/ivl/va_math.vpi";
S_0x13ce056f0 .scope module, "mips_tb" "mips_tb" 2 510;
 .timescale -12 -13;
P_0x600003ab0900 .param/l "ClockDelay" 0 2 511, +C4<00000000000000000001001110001000>;
v0x600001daa640_0 .var "clk", 0 0;
v0x600001daa6d0_0 .var "reset", 0 0;
S_0x13ce05860 .scope module, "dut" "MIPS" 2 514, 2 12 0, S_0x13ce056f0;
 .timescale -12 -13;
    .port_info 0 /INPUT 1 "clk";
    .port_info 1 /INPUT 1 "reset";
L_0x6000004b9180 .functor OR 1, L_0x6000004b9a40, L_0x6000004b9880, C4<0>, C4<0>;
L_0x6000004b91f0 .functor OR 1, L_0x6000004b9180, v0x600001da0120_0, C4<0>, C4<0>;
L_0x6000004b9260 .functor OR 1, L_0x6000004b9880, v0x600001da0120_0, C4<0>, C4<0>;
L_0x6000004b92d0 .functor OR 1, L_0x6000004b9260, v0x600001da22e0_0, C4<0>, C4<0>;
L_0x6000004b9340 .functor OR 1, L_0x6000004b92d0, L_0x6000004b9110, C4<0>, C4<0>;
L_0x6000004b93b0 .functor NOT 1, L_0x6000004b9340, C4<0>, C4<0>, C4<0>;
L_0x6000004b9420 .functor AND 1, v0x600001da3840_0, L_0x6000004b93b0, C4<1>, C4<1>;
L_0x6000004b9490 .functor AND 1, v0x600001da3450_0, L_0x6000004b93b0, C4<1>, C4<1>;
L_0x6000004b9500 .functor AND 1, v0x600001da3720_0, L_0x6000004b93b0, C4<1>, C4<1>;
L_0x6000004b9570 .functor AND 1, v0x600001da38d0_0, L_0x6000004b93b0, C4<1>, C4<1>;
L_0x6000004b95e0 .functor AND 1, v0x600001da3600_0, L_0x6000004b93b0, C4<1>, C4<1>;
L_0x6000004b9650 .functor AND 1, v0x600001da3690_0, L_0x6000004b93b0, C4<1>, C4<1>;
L_0x6000004b96c0 .functor AND 1, v0x600001da34e0_0, L_0x6000004b93b0, C4<1>, C4<1>;
L_0x6000004b97a0 .functor AND 2, v0x600001da33c0_0, L_0x600001eb1900, C4<11>, C4<11>;
L_0x6000004b9810 .functor AND 1, L_0x600001eb1b80, L_0x6000004b93b0, C4<1>, C4<1>;
L_0x6000004b9730 .functor NOT 1, L_0x600001eb1720, C4<0>, C4<0>, C4<0>;
L_0x6000004b9880 .functor AND 1, v0x600001db7b10_0, L_0x6000004b9730, C4<1>, C4<1>;
L_0x6000004b98f0 .functor NOT 1, v0x600001da22e0_0, C4<0>, C4<0>, C4<0>;
L_0x6000004b9960 .functor AND 1, v0x600001da3570_0, L_0x6000004b98f0, C4<1>, C4<1>;
L_0x6000004b99d0 .functor NOT 1, L_0x6000004b9880, C4<0>, C4<0>, C4<0>;
L_0x6000004b9a40 .functor AND 1, L_0x6000004b9960, L_0x6000004b99d0, C4<1>, C4<1>;
L_0x6000004b9ab0 .functor BUFZ 32, v0x600001da6490_0, C4<00000000000000000000000000000000>, C4<00000000000000000000000000000000>, C4<00000000000000000000000000000000>;
v0x600001da6250_0 .net "ALUControl", 1 0, v0x600001db5950_0;  1 drivers
v0x600001da62e0_0 .net "ALUOp", 1 0, v0x600001da33c0_0;  1 drivers
v0x600001da6370_0 .net "ALUSrc", 0 0, v0x600001da3450_0;  1 drivers
v0x600001da6400_0 .net "Branch", 0 0, v0x600001da34e0_0;  1 drivers
v0x600001da6490_0 .var "Bus_A_ALU", 31 0;
v0x600001da6520_0 .net "Bus_B_ALU", 31 0, L_0x600001eb0c80;  1 drivers
v0x600001da65b0_0 .var "Bus_B_forwarded", 31 0;
v0x600001da6640_0 .net "CarryFlag", 0 0, L_0x600001eb0f00;  1 drivers
v0x600001da66d0_0 .net "EX_ALUOp", 1 0, v0x600001db7570_0;  1 drivers
v0x600001da6760_0 .net "EX_ALUResult", 31 0, L_0x600001eb0e60;  1 drivers
v0x600001da67f0_0 .net "EX_ALUSrc", 0 0, v0x600001db7840_0;  1 drivers
v0x600001da6880_0 .net "EX_Branch", 0 0, v0x600001db7b10_0;  1 drivers
v0x600001da6910_0 .net "EX_Im16_Ext", 31 0, v0x600001db7de0_0;  1 drivers
v0x600001da69a0_0 .net "EX_Instruction", 31 0, v0x600001da1a70_0;  1 drivers
v0x600001da6a30_0 .net "EX_JRControl", 0 0, v0x600001da0120_0;  1 drivers
v0x600001da6ac0_0 .net "EX_MemRead", 0 0, v0x600001da03f0_0;  1 drivers
v0x600001da6b50_0 .net "EX_MemWrite", 0 0, v0x600001da06c0_0;  1 drivers
v0x600001da6be0_0 .net "EX_MemtoReg", 0 0, v0x600001da0990_0;  1 drivers
v0x600001da6c70_0 .net "EX_PC4", 31 0, v0x600001da0c60_0;  1 drivers
v0x600001da6d00_0 .net "EX_ReadData1", 31 0, v0x600001da0f30_0;  1 drivers
v0x600001da6d90_0 .net "EX_ReadData2", 31 0, v0x600001da1200_0;  1 drivers
v0x600001da6e20_0 .net "EX_RegDst", 0 0, v0x600001da14d0_0;  1 drivers
v0x600001da6eb0_0 .net "EX_RegWrite", 0 0, v0x600001da17a0_0;  1 drivers
v0x600001da6f40_0 .net "EX_WriteRegister", 4 0, L_0x600001eb17c0;  1 drivers
v0x600001da6fd0_0 .net "EX_rd", 4 0, L_0x600001eb0be0;  1 drivers
v0x600001da7060_0 .net "EX_rs", 4 0, L_0x600001eb0aa0;  1 drivers
v0x600001da70f0_0 .net "EX_rt", 4 0, L_0x600001eb0b40;  1 drivers
v0x600001da7180_0 .net "ForwardA", 1 0, v0x600001db7060_0;  1 drivers
v0x600001da7210_0 .net "ForwardB", 1 0, v0x600001db70f0_0;  1 drivers
v0x600001da72a0_0 .net "Func", 5 0, L_0x600001eb01e0;  1 drivers
v0x600001da7330_0 .net "ID_ALUOp", 1 0, L_0x6000004b97a0;  1 drivers
v0x600001da73c0_0 .net "ID_ALUSrc", 0 0, L_0x6000004b9490;  1 drivers
v0x600001da7450_0 .net "ID_Branch", 0 0, L_0x6000004b96c0;  1 drivers
v0x600001da74e0_0 .net "ID_Instruction", 31 0, v0x600001da1d40_0;  1 drivers
v0x600001da7570_0 .net "ID_JRControl", 0 0, L_0x6000004b9810;  1 drivers
v0x600001da7600_0 .net "ID_MemRead", 0 0, L_0x6000004b95e0;  1 drivers
v0x600001da7690_0 .net "ID_MemWrite", 0 0, L_0x6000004b9650;  1 drivers
v0x600001da7720_0 .net "ID_MemtoReg", 0 0, L_0x6000004b9500;  1 drivers
v0x600001da77b0_0 .net "ID_PC4", 31 0, v0x600001da2010_0;  1 drivers
v0x600001da7840_0 .net "ID_RegDst", 0 0, L_0x6000004b9420;  1 drivers
v0x600001da78d0_0 .net "ID_RegWrite", 0 0, L_0x6000004b9570;  1 drivers
v0x600001da7960_0 .net "ID_flush", 0 0, L_0x6000004b9260;  1 drivers
v0x600001da79f0_0 .net "IFID_WriteEn", 0 0, L_0x6000004b90a0;  1 drivers
v0x600001da7a80_0 .net "IFID_flush", 0 0, v0x600001da22e0_0;  1 drivers
v0x600001da7b10_0 .net "IF_flush", 0 0, L_0x6000004b91f0;  1 drivers
v0x600001da7ba0_0 .net "Im16_Ext", 31 0, L_0x600001eb0a00;  1 drivers
v0x600001da7c30_0 .net "Instruction", 31 0, v0x600001da2520_0;  1 drivers
v0x600001da7cc0_0 .net "JRControl", 0 0, L_0x600001eb1b80;  1 drivers
v0x600001da7d50_0 .net "Jump", 0 0, v0x600001da3570_0;  1 drivers
v0x600001da7de0_0 .net "JumpControl", 0 0, L_0x6000004b9a40;  1 drivers
v0x600001da7e70_0 .net "JumpFlush", 0 0, L_0x6000004b9960;  1 drivers
v0x600001da7f00_0 .net "MEM_ALUResult", 31 0, v0x600001db5d40_0;  1 drivers
v0x600001da8000_0 .net "MEM_MemRead", 0 0, v0x600001db6010_0;  1 drivers
v0x600001da8090_0 .net "MEM_MemWrite", 0 0, v0x600001db62e0_0;  1 drivers
v0x600001da8120_0 .net "MEM_MemtoReg", 0 0, v0x600001db65b0_0;  1 drivers
v0x600001da81b0_0 .net "MEM_ReadDataOfMem", 31 0, L_0x6000004b8ee0;  1 drivers
v0x600001da8240_0 .net "MEM_RegWrite", 0 0, v0x600001db6880_0;  1 drivers
v0x600001da82d0_0 .net "MEM_WriteRegister", 4 0, v0x600001db6e20_0;  1 drivers
v0x600001da8360_0 .net "MemRead", 0 0, v0x600001da3600_0;  1 drivers
v0x600001da83f0_0 .net "MemWrite", 0 0, v0x600001da3690_0;  1 drivers
v0x600001da8480_0 .net "MemtoReg", 0 0, v0x600001da3720_0;  1 drivers
v0x600001da8510_0 .net "Opcode", 5 0, L_0x600001eb0140;  1 drivers
v0x600001da85a0_0 .net "OverflowFlag", 0 0, L_0x600001eb1680;  1 drivers
v0x600001da8630_0 .net "PC", 31 0, v0x600001da3ba0_0;  1 drivers
v0x600001da86c0_0 .net "PC4", 31 0, L_0x600001eb00a0;  1 drivers
v0x600001da8750_0 .net "PC4bne", 31 0, L_0x600001eb1e00;  1 drivers
v0x600001da87e0_0 .net "PC4bnej", 31 0, L_0x600001eb2300;  1 drivers
v0x600001da8870_0 .net "PC_WriteEn", 0 0, L_0x6000004b9030;  1 drivers
v0x600001da8900_0 .net "PCbne", 31 0, L_0x600001eb1d60;  1 drivers
v0x600001da8990_0 .net "PCin", 31 0, L_0x600001eb23a0;  1 drivers
v0x600001da8a20_0 .net "PCj", 31 0, L_0x600001eb2260;  1 drivers
v0x600001da8ab0_0 .net "PCjr", 31 0, L_0x6000004b9ab0;  1 drivers
v0x600001da8b40_0 .net "ReadData1", 31 0, L_0x6000004b8b60;  1 drivers
v0x600001da8bd0_0 .net "ReadData2", 31 0, L_0x6000004b8bd0;  1 drivers
v0x600001da8c60_0 .net "RegDst", 0 0, v0x600001da3840_0;  1 drivers
v0x600001da8cf0_0 .net "RegWrite", 0 0, v0x600001da38d0_0;  1 drivers
v0x600001da8d80_0 .net "SignZero", 0 0, v0x600001da3960_0;  1 drivers
v0x600001da8e10_0 .net "Stall_flush", 0 0, L_0x6000004b9110;  1 drivers
v0x600001da8ea0_0 .net "WB_ALUResult", 31 0, v0x600001da2760_0;  1 drivers
v0x600001da8f30_0 .net "WB_MemtoReg", 0 0, v0x600001da2a30_0;  1 drivers
v0x600001da8fc0_0 .net "WB_ReadDataOfMem", 31 0, v0x600001da2d00_0;  1 drivers
v0x600001da9050_0 .net "WB_RegWrite", 0 0, v0x600001da2fd0_0;  1 drivers
v0x600001da90e0_0 .net "WB_WriteData", 31 0, L_0x600001eb1860;  1 drivers
v0x600001da9170_0 .net "WB_WriteRegister", 4 0, v0x600001da32a0_0;  1 drivers
v0x600001da9200_0 .net "WriteDataOfMem", 31 0, v0x600001db6b50_0;  1 drivers
v0x600001da9290_0 .net "ZeroFlag", 0 0, L_0x600001eb1720;  1 drivers
L_0x140050010 .functor BUFT 1, C4<00000000000000000000000000000100>, C4<0>, C4<0>, C4<0>;
v0x600001da9320_0 .net/2u *"_ivl_0", 31 0, L_0x140050010;  1 drivers
v0x600001da93b0_0 .net *"_ivl_100", 0 0, L_0x6000004b9180;  1 drivers
v0x600001da9440_0 .net *"_ivl_106", 0 0, L_0x6000004b92d0;  1 drivers
v0x600001da94d0_0 .net *"_ivl_126", 1 0, L_0x600001eb1900;  1 drivers
v0x600001da9560_0 .net *"_ivl_134", 29 0, L_0x600001eb1c20;  1 drivers
L_0x1400509e8 .functor BUFT 1, C4<00>, C4<0>, C4<0>, C4<0>;
v0x600001da95f0_0 .net *"_ivl_136", 1 0, L_0x1400509e8;  1 drivers
v0x600001da9680_0 .net *"_ivl_140", 0 0, L_0x6000004b9730;  1 drivers
L_0x140050a30 .functor BUFT 1, C4<000000>, C4<0>, C4<0>, C4<0>;
v0x600001da9710_0 .net/2u *"_ivl_146", 5 0, L_0x140050a30;  1 drivers
v0x600001da97a0_0 .net *"_ivl_149", 25 0, L_0x600001eb1ea0;  1 drivers
v0x600001da9830_0 .net *"_ivl_150", 31 0, L_0x600001eb1f40;  1 drivers
v0x600001da98c0_0 .net *"_ivl_154", 29 0, L_0x600001eb1fe0;  1 drivers
L_0x140050a78 .functor BUFT 1, C4<00>, C4<0>, C4<0>, C4<0>;
v0x600001da9950_0 .net *"_ivl_156", 1 0, L_0x140050a78;  1 drivers
v0x600001da99e0_0 .net *"_ivl_159", 3 0, L_0x600001eb2120;  1 drivers
L_0x1400500e8 .functor BUFT 1, C4<0000000000000000>, C4<0>, C4<0>, C4<0>;
v0x600001da9a70_0 .net/2u *"_ivl_16", 15 0, L_0x1400500e8;  1 drivers
v0x600001da9b00_0 .net *"_ivl_161", 27 0, L_0x600001eb21c0;  1 drivers
v0x600001da9b90_0 .net *"_ivl_164", 0 0, L_0x6000004b98f0;  1 drivers
v0x600001da9c20_0 .net *"_ivl_168", 0 0, L_0x6000004b99d0;  1 drivers
v0x600001da9cb0_0 .net *"_ivl_18", 31 0, L_0x600001eb0780;  1 drivers
v0x600001da9d40_0 .net *"_ivl_21", 0 0, L_0x600001eb0820;  1 drivers
v0x600001da9dd0_0 .net *"_ivl_22", 15 0, L_0x600001eb08c0;  1 drivers
v0x600001da9e60_0 .net *"_ivl_24", 31 0, L_0x600001eb0960;  1 drivers
v0x600001da9ef0_0 .net *"_ivl_94", 7 0, L_0x600001eb1ae0;  1 drivers
L_0x1400509a0 .functor BUFT 1, C4<10001000>, C4<0>, C4<0>, C4<0>;
v0x600001da9f80_0 .net/2u *"_ivl_96", 7 0, L_0x1400509a0;  1 drivers
v0x600001daa010_0 .net "bneControl", 0 0, L_0x6000004b9880;  1 drivers
v0x600001daa0a0_0 .net "clk", 0 0, v0x600001daa640_0;  1 drivers
v0x600001daa130_0 .net "flush", 0 0, L_0x6000004b9340;  1 drivers
v0x600001daa1c0_0 .net "imm16", 15 0, L_0x600001eb0460;  1 drivers
v0x600001daa250_0 .net "notFlush", 0 0, L_0x6000004b93b0;  1 drivers
v0x600001daa2e0_0 .net "rd", 4 0, L_0x600001eb03c0;  1 drivers
v0x600001daa370_0 .net "reset", 0 0, v0x600001daa6d0_0;  1 drivers
v0x600001daa400_0 .net "rs", 4 0, L_0x600001eb0280;  1 drivers
v0x600001daa490_0 .net "rt", 4 0, L_0x600001eb0320;  1 drivers
v0x600001daa520_0 .net "shiftleft2_bne_out", 31 0, L_0x600001eb1cc0;  1 drivers
v0x600001daa5b0_0 .net "shiftleft2_jump_out", 31 0, L_0x600001eb2080;  1 drivers
E_0x600003ab1e80 .event anyedge, v0x600001db70f0_0, v0x600001da1200_0, v0x600001db5d40_0, v0x600001da5c20_0;
E_0x600003ab1ec0 .event anyedge, v0x600001db7060_0, v0x600001da0f30_0, v0x600001db5d40_0, v0x600001da5c20_0;
L_0x600001eb00a0 .arith/sum 32, v0x600001da3ba0_0, L_0x140050010;
L_0x600001eb0140 .part v0x600001da1d40_0, 26, 6;
L_0x600001eb01e0 .part v0x600001da1d40_0, 0, 6;
L_0x600001eb0280 .part v0x600001da1d40_0, 21, 5;
L_0x600001eb0320 .part v0x600001da1d40_0, 16, 5;
L_0x600001eb03c0 .part v0x600001da1d40_0, 11, 5;
L_0x600001eb0460 .part v0x600001da1d40_0, 0, 16;
L_0x600001eb0780 .concat [ 16 16 0 0], L_0x600001eb0460, L_0x1400500e8;
L_0x600001eb0820 .part L_0x600001eb0460, 15, 1;
LS_0x600001eb08c0_0_0 .concat [ 1 1 1 1], L_0x600001eb0820, L_0x600001eb0820, L_0x600001eb0820, L_0x600001eb0820;
LS_0x600001eb08c0_0_4 .concat [ 1 1 1 1], L_0x600001eb0820, L_0x600001eb0820, L_0x600001eb0820, L_0x600001eb0820;
LS_0x600001eb08c0_0_8 .concat [ 1 1 1 1], L_0x600001eb0820, L_0x600001eb0820, L_0x600001eb0820, L_0x600001eb0820;
LS_0x600001eb08c0_0_12 .concat [ 1 1 1 1], L_0x600001eb0820, L_0x600001eb0820, L_0x600001eb0820, L_0x600001eb0820;
L_0x600001eb08c0 .concat [ 4 4 4 4], LS_0x600001eb08c0_0_0, LS_0x600001eb08c0_0_4, LS_0x600001eb08c0_0_8, LS_0x600001eb08c0_0_12;
L_0x600001eb0960 .concat [ 16 16 0 0], L_0x600001eb0460, L_0x600001eb08c0;
L_0x600001eb0a00 .functor MUXZ 32, L_0x600001eb0960, L_0x600001eb0780, v0x600001da3960_0, C4<>;
L_0x600001eb0aa0 .part v0x600001da1a70_0, 21, 5;
L_0x600001eb0b40 .part v0x600001da1a70_0, 16, 5;
L_0x600001eb0be0 .part v0x600001da1a70_0, 11, 5;
L_0x600001eb0c80 .functor MUXZ 32, v0x600001da65b0_0, v0x600001db7de0_0, v0x600001db7840_0, C4<>;
L_0x600001eb0dc0 .part v0x600001db7de0_0, 0, 6;
L_0x600001eb17c0 .functor MUXZ 5, L_0x600001eb0b40, L_0x600001eb0be0, v0x600001da14d0_0, C4<>;
L_0x600001eb1860 .functor MUXZ 32, v0x600001da2760_0, v0x600001da2d00_0, v0x600001da2a30_0, C4<>;
L_0x600001eb1ae0 .concat [ 6 2 0 0], L_0x600001eb01e0, v0x600001da33c0_0;
L_0x600001eb1b80 .cmp/eq 8, L_0x600001eb1ae0, L_0x1400509a0;
L_0x600001eb1900 .concat [ 1 1 0 0], L_0x6000004b93b0, L_0x6000004b93b0;
L_0x600001eb1c20 .part v0x600001db7de0_0, 0, 30;
L_0x600001eb1cc0 .concat [ 2 30 0 0], L_0x1400509e8, L_0x600001eb1c20;
L_0x600001eb1d60 .arith/sum 32, v0x600001da0c60_0, L_0x600001eb1cc0;
L_0x600001eb1e00 .functor MUXZ 32, L_0x600001eb00a0, L_0x600001eb1d60, L_0x6000004b9880, C4<>;
L_0x600001eb1ea0 .part v0x600001da1d40_0, 0, 26;
L_0x600001eb1f40 .concat [ 26 6 0 0], L_0x600001eb1ea0, L_0x140050a30;
L_0x600001eb1fe0 .part L_0x600001eb1f40, 0, 30;
L_0x600001eb2080 .concat [ 2 30 0 0], L_0x140050a78, L_0x600001eb1fe0;
L_0x600001eb2120 .part v0x600001da2010_0, 28, 4;
L_0x600001eb21c0 .part L_0x600001eb2080, 0, 28;
L_0x600001eb2260 .concat [ 28 4 0 0], L_0x600001eb21c0, L_0x600001eb2120;
L_0x600001eb2300 .functor MUXZ 32, L_0x600001eb1e00, L_0x600001eb2260, L_0x6000004b9a40, C4<>;
L_0x600001eb23a0 .functor MUXZ 32, L_0x600001eb2300, L_0x6000004b9ab0, v0x600001da0120_0, C4<>;
S_0x13ce047c0 .scope module, "ALUControl_Block1" "ALUControl_Block" 2 314, 3 9 0, S_0x13ce05860;
 .timescale -12 -13;
    .port_info 0 /INPUT 6 "Function";
    .port_info 1 /INPUT 2 "ALUOp";
    .port_info 2 /OUTPUT 2 "ALUControl";
v0x600001db5950_0 .var "ALUControl", 1 0;
v0x600001db59e0_0 .net "ALUControlIn", 7 0, L_0x600001eb0d20;  1 drivers
v0x600001db5a70_0 .net "ALUOp", 1 0, v0x600001db7570_0;  alias, 1 drivers
v0x600001db5b00_0 .net "Function", 5 0, L_0x600001eb0dc0;  1 drivers
E_0x600003ab1f00 .event anyedge, v0x600001db59e0_0;
L_0x600001eb0d20 .concat [ 6 2 0 0], L_0x600001eb0dc0, v0x600001db7570_0;
S_0x13ce04930 .scope module, "EXMEM_ALUResult" "register" 2 335, 4 46 0, S_0x13ce05860;
 .timescale -12 -13;
    .port_info 0 /INPUT 32 "d";
    .port_info 1 /INPUT 1 "WriteEn";
    .port_info 2 /INPUT 1 "clk";
    .port_info 3 /INPUT 1 "reset";
    .port_info 4 /OUTPUT 32 "q";
P_0x600003ab1f40 .param/l "N" 0 4 47, +C4<00000000000000000000000000100000>;
L_0x140050640 .functor BUFT 1, C4<1>, C4<0>, C4<0>, C4<0>;
v0x600001db5b90_0 .net "WriteEn", 0 0, L_0x140050640;  1 drivers
v0x600001db5c20_0 .net "clk", 0 0, v0x600001daa640_0;  alias, 1 drivers
v0x600001db5cb0_0 .net "d", 31 0, L_0x600001eb0e60;  alias, 1 drivers
v0x600001db5d40_0 .var "q", 31 0;
v0x600001db5dd0_0 .net "reset", 0 0, v0x600001daa6d0_0;  alias, 1 drivers
E_0x600003ab1fc0 .event posedge, v0x600001db5c20_0;
S_0x13ce04cf0 .scope module, "EXMEM_MemRead" "register" 2 369, 4 46 0, S_0x13ce05860;
 .timescale -12 -13;
    .port_info 0 /INPUT 1 "d";
    .port_info 1 /INPUT 1 "WriteEn";
    .port_info 2 /INPUT 1 "clk";
    .port_info 3 /INPUT 1 "reset";
    .port_info 4 /OUTPUT 1 "q";
P_0x600003ab2040 .param/l "N" 0 4 47, +C4<00000000000000000000000000000001>;
L_0x140050760 .functor BUFT 1, C4<1>, C4<0>, C4<0>, C4<0>;
v0x600001db5e60_0 .net "WriteEn", 0 0, L_0x140050760;  1 drivers
v0x600001db5ef0_0 .net "clk", 0 0, v0x600001daa640_0;  alias, 1 drivers
v0x600001db5f80_0 .net "d", 0 0, v0x600001da03f0_0;  alias, 1 drivers
v0x600001db6010_0 .var "q", 0 0;
v0x600001db60a0_0 .net "reset", 0 0, v0x600001daa6d0_0;  alias, 1 drivers
S_0x13ce04e60 .scope module, "EXMEM_MemWrite" "register" 2 378, 4 46 0, S_0x13ce05860;
 .timescale -12 -13;
    .port_info 0 /INPUT 1 "d";
    .port_info 1 /INPUT 1 "WriteEn";
    .port_info 2 /INPUT 1 "clk";
    .port_info 3 /INPUT 1 "reset";
    .port_info 4 /OUTPUT 1 "q";
P_0x600003ab2100 .param/l "N" 0 4 47, +C4<00000000000000000000000000000001>;
L_0x1400507a8 .functor BUFT 1, C4<1>, C4<0>, C4<0>, C4<0>;
v0x600001db6130_0 .net "WriteEn", 0 0, L_0x1400507a8;  1 drivers
v0x600001db61c0_0 .net "clk", 0 0, v0x600001daa640_0;  alias, 1 drivers
v0x600001db6250_0 .net "d", 0 0, v0x600001da06c0_0;  alias, 1 drivers
v0x600001db62e0_0 .var "q", 0 0;
v0x600001db6370_0 .net "reset", 0 0, v0x600001daa6d0_0;  alias, 1 drivers
S_0x13ce04fd0 .scope module, "EXMEM_MemtoReg" "register" 2 351, 4 46 0, S_0x13ce05860;
 .timescale -12 -13;
    .port_info 0 /INPUT 1 "d";
    .port_info 1 /INPUT 1 "WriteEn";
    .port_info 2 /INPUT 1 "clk";
    .port_info 3 /INPUT 1 "reset";
    .port_info 4 /OUTPUT 1 "q";
P_0x600003ab2280 .param/l "N" 0 4 47, +C4<00000000000000000000000000000001>;
L_0x1400506d0 .functor BUFT 1, C4<1>, C4<0>, C4<0>, C4<0>;
v0x600001db6400_0 .net "WriteEn", 0 0, L_0x1400506d0;  1 drivers
v0x600001db6490_0 .net "clk", 0 0, v0x600001daa640_0;  alias, 1 drivers
v0x600001db6520_0 .net "d", 0 0, v0x600001da0990_0;  alias, 1 drivers
v0x600001db65b0_0 .var "q", 0 0;
v0x600001db6640_0 .net "reset", 0 0, v0x600001daa6d0_0;  alias, 1 drivers
S_0x13ce05140 .scope module, "EXMEM_RegWrite" "register" 2 360, 4 46 0, S_0x13ce05860;
 .timescale -12 -13;
    .port_info 0 /INPUT 1 "d";
    .port_info 1 /INPUT 1 "WriteEn";
    .port_info 2 /INPUT 1 "clk";
    .port_info 3 /INPUT 1 "reset";
    .port_info 4 /OUTPUT 1 "q";
P_0x600003ab2340 .param/l "N" 0 4 47, +C4<00000000000000000000000000000001>;
L_0x140050718 .functor BUFT 1, C4<1>, C4<0>, C4<0>, C4<0>;
v0x600001db66d0_0 .net "WriteEn", 0 0, L_0x140050718;  1 drivers
v0x600001db6760_0 .net "clk", 0 0, v0x600001daa640_0;  alias, 1 drivers
v0x600001db67f0_0 .net "d", 0 0, v0x600001da17a0_0;  alias, 1 drivers
v0x600001db6880_0 .var "q", 0 0;
v0x600001db6910_0 .net "reset", 0 0, v0x600001daa6d0_0;  alias, 1 drivers
S_0x13ce0b750 .scope module, "EXMEM_WriteDataOfMem" "register" 2 342, 4 46 0, S_0x13ce05860;
 .timescale -12 -13;
    .port_info 0 /INPUT 32 "d";
    .port_info 1 /INPUT 1 "WriteEn";
    .port_info 2 /INPUT 1 "clk";
    .port_info 3 /INPUT 1 "reset";
    .port_info 4 /OUTPUT 32 "q";
P_0x600003ab2200 .param/l "N" 0 4 47, +C4<00000000000000000000000000100000>;
L_0x140050688 .functor BUFT 1, C4<1>, C4<0>, C4<0>, C4<0>;
v0x600001db69a0_0 .net "WriteEn", 0 0, L_0x140050688;  1 drivers
v0x600001db6a30_0 .net "clk", 0 0, v0x600001daa640_0;  alias, 1 drivers
v0x600001db6ac0_0 .net "d", 31 0, v0x600001da65b0_0;  1 drivers
v0x600001db6b50_0 .var "q", 31 0;
v0x600001db6be0_0 .net "reset", 0 0, v0x600001daa6d0_0;  alias, 1 drivers
S_0x13ce0b8c0 .scope module, "EXMEM_WriteRegister" "register" 2 387, 4 46 0, S_0x13ce05860;
 .timescale -12 -13;
    .port_info 0 /INPUT 5 "d";
    .port_info 1 /INPUT 1 "WriteEn";
    .port_info 2 /INPUT 1 "clk";
    .port_info 3 /INPUT 1 "reset";
    .port_info 4 /OUTPUT 5 "q";
P_0x600003ab2440 .param/l "N" 0 4 47, +C4<00000000000000000000000000000101>;
L_0x1400507f0 .functor BUFT 1, C4<1>, C4<0>, C4<0>, C4<0>;
v0x600001db6c70_0 .net "WriteEn", 0 0, L_0x1400507f0;  1 drivers
v0x600001db6d00_0 .net "clk", 0 0, v0x600001daa640_0;  alias, 1 drivers
v0x600001db6d90_0 .net "d", 4 0, L_0x600001eb17c0;  alias, 1 drivers
v0x600001db6e20_0 .var "q", 4 0;
v0x600001db6eb0_0 .net "reset", 0 0, v0x600001daa6d0_0;  alias, 1 drivers
S_0x13ce0ba30 .scope module, "Forwarding_Block" "ForwardingUnit" 2 281, 5 4 0, S_0x13ce05860;
 .timescale -12 -13;
    .port_info 0 /INPUT 1 "EX_MEM_RegWrite";
    .port_info 1 /INPUT 1 "MEM_WB_RegWrite";
    .port_info 2 /INPUT 5 "EX_MEM_WriteRegister";
    .port_info 3 /INPUT 5 "MEM_WB_WriteRegister";
    .port_info 4 /INPUT 5 "ID_EX_rs";
    .port_info 5 /INPUT 5 "ID_EX_rt";
    .port_info 6 /OUTPUT 2 "ForwardA";
    .port_info 7 /OUTPUT 2 "ForwardB";
v0x600001db6f40_0 .net "EX_MEM_RegWrite", 0 0, v0x600001db6880_0;  alias, 1 drivers
v0x600001db6fd0_0 .net "EX_MEM_WriteRegister", 4 0, v0x600001db6e20_0;  alias, 1 drivers
v0x600001db7060_0 .var "ForwardA", 1 0;
v0x600001db70f0_0 .var "ForwardB", 1 0;
v0x600001db7180_0 .net "ID_EX_rs", 4 0, L_0x600001eb0aa0;  alias, 1 drivers
v0x600001db7210_0 .net "ID_EX_rt", 4 0, L_0x600001eb0b40;  alias, 1 drivers
v0x600001db72a0_0 .net "MEM_WB_RegWrite", 0 0, v0x600001da2fd0_0;  alias, 1 drivers
v0x600001db7330_0 .net "MEM_WB_WriteRegister", 4 0, v0x600001da32a0_0;  alias, 1 drivers
E_0x600003ab2500/0 .event anyedge, v0x600001db6880_0, v0x600001db6e20_0, v0x600001db7180_0, v0x600001db72a0_0;
E_0x600003ab2500/1 .event anyedge, v0x600001db7330_0, v0x600001db7210_0;
E_0x600003ab2500 .event/or E_0x600003ab2500/0, E_0x600003ab2500/1;
S_0x13ce0bba0 .scope module, "IDEX_ALUOp1" "register" 2 266, 4 46 0, S_0x13ce05860;
 .timescale -12 -13;
    .port_info 0 /INPUT 2 "d";
    .port_info 1 /INPUT 1 "WriteEn";
    .port_info 2 /INPUT 1 "clk";
    .port_info 3 /INPUT 1 "reset";
    .port_info 4 /OUTPUT 2 "q";
P_0x600003ab2240 .param/l "N" 0 4 47, +C4<00000000000000000000000000000010>;
L_0x1400504d8 .functor BUFT 1, C4<1>, C4<0>, C4<0>, C4<0>;
v0x600001db73c0_0 .net "WriteEn", 0 0, L_0x1400504d8;  1 drivers
v0x600001db7450_0 .net "clk", 0 0, v0x600001daa640_0;  alias, 1 drivers
v0x600001db74e0_0 .net "d", 1 0, L_0x6000004b97a0;  alias, 1 drivers
v0x600001db7570_0 .var "q", 1 0;
v0x600001db7600_0 .net "reset", 0 0, v0x600001daa6d0_0;  alias, 1 drivers
S_0x13ce0bd10 .scope module, "IDEX_ALUSrc" "register" 2 203, 4 46 0, S_0x13ce05860;
 .timescale -12 -13;
    .port_info 0 /INPUT 1 "d";
    .port_info 1 /INPUT 1 "WriteEn";
    .port_info 2 /INPUT 1 "clk";
    .port_info 3 /INPUT 1 "reset";
    .port_info 4 /OUTPUT 1 "q";
P_0x600003ab2640 .param/l "N" 0 4 47, +C4<00000000000000000000000000000001>;
L_0x1400502e0 .functor BUFT 1, C4<1>, C4<0>, C4<0>, C4<0>;
v0x600001db7690_0 .net "WriteEn", 0 0, L_0x1400502e0;  1 drivers
v0x600001db7720_0 .net "clk", 0 0, v0x600001daa640_0;  alias, 1 drivers
v0x600001db77b0_0 .net "d", 0 0, L_0x6000004b9490;  alias, 1 drivers
v0x600001db7840_0 .var "q", 0 0;
v0x600001db78d0_0 .net "reset", 0 0, v0x600001daa6d0_0;  alias, 1 drivers
S_0x13ce0be80 .scope module, "IDEX_Branch" "register" 2 248, 4 46 0, S_0x13ce05860;
 .timescale -12 -13;
    .port_info 0 /INPUT 1 "d";
    .port_info 1 /INPUT 1 "WriteEn";
    .port_info 2 /INPUT 1 "clk";
    .port_info 3 /INPUT 1 "reset";
    .port_info 4 /OUTPUT 1 "q";
P_0x600003ab2700 .param/l "N" 0 4 47, +C4<00000000000000000000000000000001>;
L_0x140050448 .functor BUFT 1, C4<1>, C4<0>, C4<0>, C4<0>;
v0x600001db7960_0 .net "WriteEn", 0 0, L_0x140050448;  1 drivers
v0x600001db79f0_0 .net "clk", 0 0, v0x600001daa640_0;  alias, 1 drivers
v0x600001db7a80_0 .net "d", 0 0, L_0x6000004b96c0;  alias, 1 drivers
v0x600001db7b10_0 .var "q", 0 0;
v0x600001db7ba0_0 .net "reset", 0 0, v0x600001daa6d0_0;  alias, 1 drivers
S_0x13ce0bff0 .scope module, "IDEX_Im16_Ext" "register" 2 178, 4 46 0, S_0x13ce05860;
 .timescale -12 -13;
    .port_info 0 /INPUT 32 "d";
    .port_info 1 /INPUT 1 "WriteEn";
    .port_info 2 /INPUT 1 "clk";
    .port_info 3 /INPUT 1 "reset";
    .port_info 4 /OUTPUT 32 "q";
P_0x600003ab27c0 .param/l "N" 0 4 47, +C4<00000000000000000000000000100000>;
L_0x140050208 .functor BUFT 1, C4<1>, C4<0>, C4<0>, C4<0>;
v0x600001db7c30_0 .net "WriteEn", 0 0, L_0x140050208;  1 drivers
v0x600001db7cc0_0 .net "clk", 0 0, v0x600001daa640_0;  alias, 1 drivers
v0x600001db7d50_0 .net "d", 31 0, L_0x600001eb0a00;  alias, 1 drivers
v0x600001db7de0_0 .var "q", 31 0;
v0x600001db7e70_0 .net "reset", 0 0, v0x600001daa6d0_0;  alias, 1 drivers
S_0x13ce0c160 .scope module, "IDEX_JRControl" "register" 2 257, 4 46 0, S_0x13ce05860;
 .timescale -12 -13;
    .port_info 0 /INPUT 1 "d";
    .port_info 1 /INPUT 1 "WriteEn";
    .port_info 2 /INPUT 1 "clk";
    .port_info 3 /INPUT 1 "reset";
    .port_info 4 /OUTPUT 1 "q";
P_0x600003ab2880 .param/l "N" 0 4 47, +C4<00000000000000000000000000000001>;
L_0x140050490 .functor BUFT 1, C4<1>, C4<0>, C4<0>, C4<0>;
v0x600001db7f00_0 .net "WriteEn", 0 0, L_0x140050490;  1 drivers
v0x600001da0000_0 .net "clk", 0 0, v0x600001daa640_0;  alias, 1 drivers
v0x600001da0090_0 .net "d", 0 0, L_0x6000004b9810;  alias, 1 drivers
v0x600001da0120_0 .var "q", 0 0;
v0x600001da01b0_0 .net "reset", 0 0, v0x600001daa6d0_0;  alias, 1 drivers
S_0x13ce0c2d0 .scope module, "IDEX_MemRead" "register" 2 230, 4 46 0, S_0x13ce05860;
 .timescale -12 -13;
    .port_info 0 /INPUT 1 "d";
    .port_info 1 /INPUT 1 "WriteEn";
    .port_info 2 /INPUT 1 "clk";
    .port_info 3 /INPUT 1 "reset";
    .port_info 4 /OUTPUT 1 "q";
P_0x600003ab2940 .param/l "N" 0 4 47, +C4<00000000000000000000000000000001>;
L_0x1400503b8 .functor BUFT 1, C4<1>, C4<0>, C4<0>, C4<0>;
v0x600001da0240_0 .net "WriteEn", 0 0, L_0x1400503b8;  1 drivers
v0x600001da02d0_0 .net "clk", 0 0, v0x600001daa640_0;  alias, 1 drivers
v0x600001da0360_0 .net "d", 0 0, L_0x6000004b95e0;  alias, 1 drivers
v0x600001da03f0_0 .var "q", 0 0;
v0x600001da0480_0 .net "reset", 0 0, v0x600001daa6d0_0;  alias, 1 drivers
S_0x13ce0c440 .scope module, "IDEX_MemWrite" "register" 2 239, 4 46 0, S_0x13ce05860;
 .timescale -12 -13;
    .port_info 0 /INPUT 1 "d";
    .port_info 1 /INPUT 1 "WriteEn";
    .port_info 2 /INPUT 1 "clk";
    .port_info 3 /INPUT 1 "reset";
    .port_info 4 /OUTPUT 1 "q";
P_0x600003ab2a00 .param/l "N" 0 4 47, +C4<00000000000000000000000000000001>;
L_0x140050400 .functor BUFT 1, C4<1>, C4<0>, C4<0>, C4<0>;
v0x600001da0510_0 .net "WriteEn", 0 0, L_0x140050400;  1 drivers
v0x600001da05a0_0 .net "clk", 0 0, v0x600001daa640_0;  alias, 1 drivers
v0x600001da0630_0 .net "d", 0 0, L_0x6000004b9650;  alias, 1 drivers
v0x600001da06c0_0 .var "q", 0 0;
v0x600001da0750_0 .net "reset", 0 0, v0x600001daa6d0_0;  alias, 1 drivers
S_0x13ce0c5b0 .scope module, "IDEX_MemtoReg" "register" 2 212, 4 46 0, S_0x13ce05860;
 .timescale -12 -13;
    .port_info 0 /INPUT 1 "d";
    .port_info 1 /INPUT 1 "WriteEn";
    .port_info 2 /INPUT 1 "clk";
    .port_info 3 /INPUT 1 "reset";
    .port_info 4 /OUTPUT 1 "q";
P_0x600003ab2ac0 .param/l "N" 0 4 47, +C4<00000000000000000000000000000001>;
L_0x140050328 .functor BUFT 1, C4<1>, C4<0>, C4<0>, C4<0>;
v0x600001da07e0_0 .net "WriteEn", 0 0, L_0x140050328;  1 drivers
v0x600001da0870_0 .net "clk", 0 0, v0x600001daa640_0;  alias, 1 drivers
v0x600001da0900_0 .net "d", 0 0, L_0x6000004b9500;  alias, 1 drivers
v0x600001da0990_0 .var "q", 0 0;
v0x600001da0a20_0 .net "reset", 0 0, v0x600001daa6d0_0;  alias, 1 drivers
S_0x13ce0c720 .scope module, "IDEX_PC4" "register" 2 156, 4 46 0, S_0x13ce05860;
 .timescale -12 -13;
    .port_info 0 /INPUT 32 "d";
    .port_info 1 /INPUT 1 "WriteEn";
    .port_info 2 /INPUT 1 "clk";
    .port_info 3 /INPUT 1 "reset";
    .port_info 4 /OUTPUT 32 "q";
P_0x600003ab2b80 .param/l "N" 0 4 47, +C4<00000000000000000000000000100000>;
L_0x140050130 .functor BUFT 1, C4<1>, C4<0>, C4<0>, C4<0>;
v0x600001da0ab0_0 .net "WriteEn", 0 0, L_0x140050130;  1 drivers
v0x600001da0b40_0 .net "clk", 0 0, v0x600001daa640_0;  alias, 1 drivers
v0x600001da0bd0_0 .net "d", 31 0, v0x600001da2010_0;  alias, 1 drivers
v0x600001da0c60_0 .var "q", 31 0;
v0x600001da0cf0_0 .net "reset", 0 0, v0x600001daa6d0_0;  alias, 1 drivers
S_0x13ce0c890 .scope module, "IDEX_ReadData1" "register" 2 164, 4 46 0, S_0x13ce05860;
 .timescale -12 -13;
    .port_info 0 /INPUT 32 "d";
    .port_info 1 /INPUT 1 "WriteEn";
    .port_info 2 /INPUT 1 "clk";
    .port_info 3 /INPUT 1 "reset";
    .port_info 4 /OUTPUT 32 "q";
P_0x600003ab2c40 .param/l "N" 0 4 47, +C4<00000000000000000000000000100000>;
L_0x140050178 .functor BUFT 1, C4<1>, C4<0>, C4<0>, C4<0>;
v0x600001da0d80_0 .net "WriteEn", 0 0, L_0x140050178;  1 drivers
v0x600001da0e10_0 .net "clk", 0 0, v0x600001daa640_0;  alias, 1 drivers
v0x600001da0ea0_0 .net "d", 31 0, L_0x6000004b8b60;  alias, 1 drivers
v0x600001da0f30_0 .var "q", 31 0;
v0x600001da0fc0_0 .net "reset", 0 0, v0x600001daa6d0_0;  alias, 1 drivers
S_0x13ce0ce00 .scope module, "IDEX_ReadData2" "register" 2 171, 4 46 0, S_0x13ce05860;
 .timescale -12 -13;
    .port_info 0 /INPUT 32 "d";
    .port_info 1 /INPUT 1 "WriteEn";
    .port_info 2 /INPUT 1 "clk";
    .port_info 3 /INPUT 1 "reset";
    .port_info 4 /OUTPUT 32 "q";
P_0x600003ab2d00 .param/l "N" 0 4 47, +C4<00000000000000000000000000100000>;
L_0x1400501c0 .functor BUFT 1, C4<1>, C4<0>, C4<0>, C4<0>;
v0x600001da1050_0 .net "WriteEn", 0 0, L_0x1400501c0;  1 drivers
v0x600001da10e0_0 .net "clk", 0 0, v0x600001daa640_0;  alias, 1 drivers
v0x600001da1170_0 .net "d", 31 0, L_0x6000004b8bd0;  alias, 1 drivers
v0x600001da1200_0 .var "q", 31 0;
v0x600001da1290_0 .net "reset", 0 0, v0x600001daa6d0_0;  alias, 1 drivers
S_0x13ce0cf70 .scope module, "IDEX_RegDst" "register" 2 194, 4 46 0, S_0x13ce05860;
 .timescale -12 -13;
    .port_info 0 /INPUT 1 "d";
    .port_info 1 /INPUT 1 "WriteEn";
    .port_info 2 /INPUT 1 "clk";
    .port_info 3 /INPUT 1 "reset";
    .port_info 4 /OUTPUT 1 "q";
P_0x600003ab2dc0 .param/l "N" 0 4 47, +C4<00000000000000000000000000000001>;
L_0x140050298 .functor BUFT 1, C4<1>, C4<0>, C4<0>, C4<0>;
v0x600001da1320_0 .net "WriteEn", 0 0, L_0x140050298;  1 drivers
v0x600001da13b0_0 .net "clk", 0 0, v0x600001daa640_0;  alias, 1 drivers
v0x600001da1440_0 .net "d", 0 0, L_0x6000004b9420;  alias, 1 drivers
v0x600001da14d0_0 .var "q", 0 0;
v0x600001da1560_0 .net "reset", 0 0, v0x600001daa6d0_0;  alias, 1 drivers
S_0x13ce0d0e0 .scope module, "IDEX_RegWrite" "register" 2 221, 4 46 0, S_0x13ce05860;
 .timescale -12 -13;
    .port_info 0 /INPUT 1 "d";
    .port_info 1 /INPUT 1 "WriteEn";
    .port_info 2 /INPUT 1 "clk";
    .port_info 3 /INPUT 1 "reset";
    .port_info 4 /OUTPUT 1 "q";
P_0x600003ab2e80 .param/l "N" 0 4 47, +C4<00000000000000000000000000000001>;
L_0x140050370 .functor BUFT 1, C4<1>, C4<0>, C4<0>, C4<0>;
v0x600001da15f0_0 .net "WriteEn", 0 0, L_0x140050370;  1 drivers
v0x600001da1680_0 .net "clk", 0 0, v0x600001daa640_0;  alias, 1 drivers
v0x600001da1710_0 .net "d", 0 0, L_0x6000004b9570;  alias, 1 drivers
v0x600001da17a0_0 .var "q", 0 0;
v0x600001da1830_0 .net "reset", 0 0, v0x600001daa6d0_0;  alias, 1 drivers
S_0x13ce0d250 .scope module, "IDEX_rs_rt_rd" "register" 2 185, 4 46 0, S_0x13ce05860;
 .timescale -12 -13;
    .port_info 0 /INPUT 32 "d";
    .port_info 1 /INPUT 1 "WriteEn";
    .port_info 2 /INPUT 1 "clk";
    .port_info 3 /INPUT 1 "reset";
    .port_info 4 /OUTPUT 32 "q";
P_0x600003ab2f40 .param/l "N" 0 4 47, +C4<00000000000000000000000000100000>;
L_0x140050250 .functor BUFT 1, C4<1>, C4<0>, C4<0>, C4<0>;
v0x600001da18c0_0 .net "WriteEn", 0 0, L_0x140050250;  1 drivers
v0x600001da1950_0 .net "clk", 0 0, v0x600001daa640_0;  alias, 1 drivers
v0x600001da19e0_0 .net "d", 31 0, v0x600001da1d40_0;  alias, 1 drivers
v0x600001da1a70_0 .var "q", 31 0;
v0x600001da1b00_0 .net "reset", 0 0, v0x600001daa6d0_0;  alias, 1 drivers
S_0x13ce0d3c0 .scope module, "IFID_Instruction" "register" 2 93, 4 46 0, S_0x13ce05860;
 .timescale -12 -13;
    .port_info 0 /INPUT 32 "d";
    .port_info 1 /INPUT 1 "WriteEn";
    .port_info 2 /INPUT 1 "clk";
    .port_info 3 /INPUT 1 "reset";
    .port_info 4 /OUTPUT 32 "q";
P_0x600003ab3000 .param/l "N" 0 4 47, +C4<00000000000000000000000000100000>;
v0x600001da1b90_0 .net "WriteEn", 0 0, L_0x6000004b90a0;  alias, 1 drivers
v0x600001da1c20_0 .net "clk", 0 0, v0x600001daa640_0;  alias, 1 drivers
v0x600001da1cb0_0 .net "d", 31 0, v0x600001da2520_0;  alias, 1 drivers
v0x600001da1d40_0 .var "q", 31 0;
v0x600001da1dd0_0 .net "reset", 0 0, v0x600001daa6d0_0;  alias, 1 drivers
S_0x13ce0d530 .scope module, "IFID_PC4" "register" 2 86, 4 46 0, S_0x13ce05860;
 .timescale -12 -13;
    .port_info 0 /INPUT 32 "d";
    .port_info 1 /INPUT 1 "WriteEn";
    .port_info 2 /INPUT 1 "clk";
    .port_info 3 /INPUT 1 "reset";
    .port_info 4 /OUTPUT 32 "q";
P_0x600003ab30c0 .param/l "N" 0 4 47, +C4<00000000000000000000000000100000>;
v0x600001da1e60_0 .net "WriteEn", 0 0, L_0x6000004b90a0;  alias, 1 drivers
v0x600001da1ef0_0 .net "clk", 0 0, v0x600001daa640_0;  alias, 1 drivers
v0x600001da1f80_0 .net "d", 31 0, L_0x600001eb00a0;  alias, 1 drivers
v0x600001da2010_0 .var "q", 31 0;
v0x600001da20a0_0 .net "reset", 0 0, v0x600001daa6d0_0;  alias, 1 drivers
S_0x13ce0d6a0 .scope module, "IF_flush_bit" "register" 2 104, 4 46 0, S_0x13ce05860;
 .timescale -12 -13;
    .port_info 0 /INPUT 1 "d";
    .port_info 1 /INPUT 1 "WriteEn";
    .port_info 2 /INPUT 1 "clk";
    .port_info 3 /INPUT 1 "reset";
    .port_info 4 /OUTPUT 1 "q";
P_0x600003ab3180 .param/l "N" 0 4 47, +C4<00000000000000000000000000000001>;
v0x600001da2130_0 .net "WriteEn", 0 0, L_0x6000004b90a0;  alias, 1 drivers
v0x600001da21c0_0 .net "clk", 0 0, v0x600001daa640_0;  alias, 1 drivers
v0x600001da2250_0 .net "d", 0 0, L_0x6000004b91f0;  alias, 1 drivers
v0x600001da22e0_0 .var "q", 0 0;
v0x600001da2370_0 .net "reset", 0 0, v0x600001daa6d0_0;  alias, 1 drivers
S_0x13ce0d810 .scope module, "InstructionMem1" "InstructionMem" 2 80, 6 8 0, S_0x13ce05860;
 .timescale -12 -13;
    .port_info 0 /INPUT 32 "address";
    .port_info 1 /OUTPUT 32 "instruction";
v0x600001da2400_0 .net "address", 31 0, v0x600001da3ba0_0;  alias, 1 drivers
v0x600001da2490 .array "instrmem", 1023 0, 31 0;
v0x600001da2520_0 .var "instruction", 31 0;
E_0x600003ab3280 .event anyedge, v0x600001da2400_0;
S_0x13ce0d980 .scope module, "MEMWB_ALUResult" "register" 2 415, 4 46 0, S_0x13ce05860;
 .timescale -12 -13;
    .port_info 0 /INPUT 32 "d";
    .port_info 1 /INPUT 1 "WriteEn";
    .port_info 2 /INPUT 1 "clk";
    .port_info 3 /INPUT 1 "reset";
    .port_info 4 /OUTPUT 32 "q";
P_0x600003ab32c0 .param/l "N" 0 4 47, +C4<00000000000000000000000000100000>;
L_0x140050880 .functor BUFT 1, C4<1>, C4<0>, C4<0>, C4<0>;
v0x600001da25b0_0 .net "WriteEn", 0 0, L_0x140050880;  1 drivers
v0x600001da2640_0 .net "clk", 0 0, v0x600001daa640_0;  alias, 1 drivers
v0x600001da26d0_0 .net "d", 31 0, v0x600001db5d40_0;  alias, 1 drivers
v0x600001da2760_0 .var "q", 31 0;
v0x600001da27f0_0 .net "reset", 0 0, v0x600001daa6d0_0;  alias, 1 drivers
S_0x13ce0daf0 .scope module, "MEMWB_MemtoReg" "register" 2 433, 4 46 0, S_0x13ce05860;
 .timescale -12 -13;
    .port_info 0 /INPUT 1 "d";
    .port_info 1 /INPUT 1 "WriteEn";
    .port_info 2 /INPUT 1 "clk";
    .port_info 3 /INPUT 1 "reset";
    .port_info 4 /OUTPUT 1 "q";
P_0x600003ab3380 .param/l "N" 0 4 47, +C4<00000000000000000000000000000001>;
L_0x140050910 .functor BUFT 1, C4<1>, C4<0>, C4<0>, C4<0>;
v0x600001da2880_0 .net "WriteEn", 0 0, L_0x140050910;  1 drivers
v0x600001da2910_0 .net "clk", 0 0, v0x600001daa640_0;  alias, 1 drivers
v0x600001da29a0_0 .net "d", 0 0, v0x600001db65b0_0;  alias, 1 drivers
v0x600001da2a30_0 .var "q", 0 0;
v0x600001da2ac0_0 .net "reset", 0 0, v0x600001daa6d0_0;  alias, 1 drivers
S_0x13ce0dc60 .scope module, "MEMWB_ReadDataOfMem" "register" 2 408, 4 46 0, S_0x13ce05860;
 .timescale -12 -13;
    .port_info 0 /INPUT 32 "d";
    .port_info 1 /INPUT 1 "WriteEn";
    .port_info 2 /INPUT 1 "clk";
    .port_info 3 /INPUT 1 "reset";
    .port_info 4 /OUTPUT 32 "q";
P_0x600003ab3440 .param/l "N" 0 4 47, +C4<00000000000000000000000000100000>;
L_0x140050838 .functor BUFT 1, C4<1>, C4<0>, C4<0>, C4<0>;
v0x600001da2b50_0 .net "WriteEn", 0 0, L_0x140050838;  1 drivers
v0x600001da2be0_0 .net "clk", 0 0, v0x600001daa640_0;  alias, 1 drivers
v0x600001da2c70_0 .net "d", 31 0, L_0x6000004b8ee0;  alias, 1 drivers
v0x600001da2d00_0 .var "q", 31 0;
v0x600001da2d90_0 .net "reset", 0 0, v0x600001daa6d0_0;  alias, 1 drivers
S_0x13ce0ddd0 .scope module, "MEMWB_RegWrite" "register" 2 442, 4 46 0, S_0x13ce05860;
 .timescale -12 -13;
    .port_info 0 /INPUT 1 "d";
    .port_info 1 /INPUT 1 "WriteEn";
    .port_info 2 /INPUT 1 "clk";
    .port_info 3 /INPUT 1 "reset";
    .port_info 4 /OUTPUT 1 "q";
P_0x600003ab3500 .param/l "N" 0 4 47, +C4<00000000000000000000000000000001>;
L_0x140050958 .functor BUFT 1, C4<1>, C4<0>, C4<0>, C4<0>;
v0x600001da2e20_0 .net "WriteEn", 0 0, L_0x140050958;  1 drivers
v0x600001da2eb0_0 .net "clk", 0 0, v0x600001daa640_0;  alias, 1 drivers
v0x600001da2f40_0 .net "d", 0 0, v0x600001db6880_0;  alias, 1 drivers
v0x600001da2fd0_0 .var "q", 0 0;
v0x600001da3060_0 .net "reset", 0 0, v0x600001daa6d0_0;  alias, 1 drivers
S_0x13ce0df40 .scope module, "MEMWB_WriteRegister" "register" 2 424, 4 46 0, S_0x13ce05860;
 .timescale -12 -13;
    .port_info 0 /INPUT 5 "d";
    .port_info 1 /INPUT 1 "WriteEn";
    .port_info 2 /INPUT 1 "clk";
    .port_info 3 /INPUT 1 "reset";
    .port_info 4 /OUTPUT 5 "q";
P_0x600003ab3600 .param/l "N" 0 4 47, +C4<00000000000000000000000000000101>;
L_0x1400508c8 .functor BUFT 1, C4<1>, C4<0>, C4<0>, C4<0>;
v0x600001da30f0_0 .net "WriteEn", 0 0, L_0x1400508c8;  1 drivers
v0x600001da3180_0 .net "clk", 0 0, v0x600001daa640_0;  alias, 1 drivers
v0x600001da3210_0 .net "d", 4 0, v0x600001db6e20_0;  alias, 1 drivers
v0x600001da32a0_0 .var "q", 4 0;
v0x600001da3330_0 .net "reset", 0 0, v0x600001daa6d0_0;  alias, 1 drivers
S_0x13ce0e0b0 .scope module, "MainControl" "Control" 2 123, 7 16 0, S_0x13ce05860;
 .timescale -12 -13;
    .port_info 0 /INPUT 6 "Opcode";
    .port_info 1 /OUTPUT 1 "RegDst";
    .port_info 2 /OUTPUT 1 "ALUSrc";
    .port_info 3 /OUTPUT 1 "MemtoReg";
    .port_info 4 /OUTPUT 1 "RegWrite";
    .port_info 5 /OUTPUT 1 "MemRead";
    .port_info 6 /OUTPUT 1 "MemWrite";
    .port_info 7 /OUTPUT 1 "Branch";
    .port_info 8 /OUTPUT 1 "Jump";
    .port_info 9 /OUTPUT 1 "SignZero";
    .port_info 10 /OUTPUT 2 "ALUOp";
v0x600001da33c0_0 .var "ALUOp", 1 0;
v0x600001da3450_0 .var "ALUSrc", 0 0;
v0x600001da34e0_0 .var "Branch", 0 0;
v0x600001da3570_0 .var "Jump", 0 0;
v0x600001da3600_0 .var "MemRead", 0 0;
v0x600001da3690_0 .var "MemWrite", 0 0;
v0x600001da3720_0 .var "MemtoReg", 0 0;
v0x600001da37b0_0 .net "Opcode", 5 0, L_0x600001eb0140;  alias, 1 drivers
v0x600001da3840_0 .var "RegDst", 0 0;
v0x600001da38d0_0 .var "RegWrite", 0 0;
v0x600001da3960_0 .var "SignZero", 0 0;
E_0x600003ab3700 .event anyedge, v0x600001da37b0_0;
S_0x13ce0e420 .scope module, "PC_Reg" "register" 2 68, 4 46 0, S_0x13ce05860;
 .timescale -12 -13;
    .port_info 0 /INPUT 32 "d";
    .port_info 1 /INPUT 1 "WriteEn";
    .port_info 2 /INPUT 1 "clk";
    .port_info 3 /INPUT 1 "reset";
    .port_info 4 /OUTPUT 32 "q";
P_0x600003ab3740 .param/l "N" 0 4 47, +C4<00000000000000000000000000100000>;
v0x600001da39f0_0 .net "WriteEn", 0 0, L_0x6000004b9030;  alias, 1 drivers
v0x600001da3a80_0 .net "clk", 0 0, v0x600001daa640_0;  alias, 1 drivers
v0x600001da3b10_0 .net "d", 31 0, L_0x600001eb23a0;  alias, 1 drivers
v0x600001da3ba0_0 .var "q", 31 0;
v0x600001da3c30_0 .net "reset", 0 0, v0x600001daa6d0_0;  alias, 1 drivers
S_0x13ce0e590 .scope module, "StallControl_block" "StallControl" 2 457, 8 14 0, S_0x13ce05860;
 .timescale -12 -13;
    .port_info 0 /INPUT 1 "ID_EX_MemRead";
    .port_info 1 /INPUT 5 "IF_ID_rs";
    .port_info 2 /INPUT 5 "IF_ID_rt";
    .port_info 3 /INPUT 5 "ID_EX_rt";
    .port_info 4 /OUTPUT 1 "PCWrite";
    .port_info 5 /OUTPUT 1 "IF_ID_Write";
    .port_info 6 /OUTPUT 1 "ID_EX_controlZero";
L_0x6000004b8f50 .functor OR 1, L_0x600001eb19a0, L_0x600001eb1a40, C4<0>, C4<0>;
L_0x6000004b8fc0 .functor AND 1, v0x600001da03f0_0, L_0x6000004b8f50, C4<1>, C4<1>;
L_0x6000004b9030 .functor NOT 1, L_0x6000004b8fc0, C4<0>, C4<0>, C4<0>;
L_0x6000004b90a0 .functor NOT 1, L_0x6000004b8fc0, C4<0>, C4<0>, C4<0>;
L_0x6000004b9110 .functor BUFZ 1, L_0x6000004b8fc0, C4<0>, C4<0>, C4<0>;
v0x600001da3cc0_0 .net "ID_EX_MemRead", 0 0, v0x600001da03f0_0;  alias, 1 drivers
v0x600001da3d50_0 .net "ID_EX_controlZero", 0 0, L_0x6000004b9110;  alias, 1 drivers
v0x600001da3de0_0 .net "ID_EX_rt", 4 0, L_0x600001eb0b40;  alias, 1 drivers
v0x600001da3e70_0 .net "IF_ID_Write", 0 0, L_0x6000004b90a0;  alias, 1 drivers
v0x600001da3f00_0 .net "IF_ID_rs", 4 0, L_0x600001eb0280;  alias, 1 drivers
v0x600001da4000_0 .net "IF_ID_rt", 4 0, L_0x600001eb0320;  alias, 1 drivers
v0x600001da4090_0 .net "PCWrite", 0 0, L_0x6000004b9030;  alias, 1 drivers
v0x600001da4120_0 .net *"_ivl_0", 0 0, L_0x600001eb19a0;  1 drivers
v0x600001da41b0_0 .net *"_ivl_2", 0 0, L_0x600001eb1a40;  1 drivers
v0x600001da4240_0 .net *"_ivl_5", 0 0, L_0x6000004b8f50;  1 drivers
v0x600001da42d0_0 .net "flush", 0 0, L_0x6000004b8fc0;  1 drivers
L_0x600001eb19a0 .cmp/eq 5, L_0x600001eb0b40, L_0x600001eb0280;
L_0x600001eb1a40 .cmp/eq 5, L_0x600001eb0b40, L_0x600001eb0320;
S_0x13ce0e700 .scope module, "alu_block" "alu" 2 321, 9 17 0, S_0x13ce05860;
 .timescale -12 -13;
    .port_info 0 /INPUT 32 "A";
    .port_info 1 /INPUT 32 "B";
    .port_info 2 /INPUT 2 "ALUControl";
    .port_info 3 /OUTPUT 32 "result";
    .port_info 4 /OUTPUT 1 "carry";
    .port_info 5 /OUTPUT 1 "overflow";
    .port_info 6 /OUTPUT 1 "zero";
L_0x6000004b8c40 .functor XNOR 1, L_0x600001eb1040, L_0x600001eb10e0, C4<0>, C4<0>;
L_0x6000004b8cb0 .functor XOR 1, L_0x600001eb1180, L_0x600001eb1220, C4<0>, C4<0>;
L_0x6000004b8d20 .functor AND 1, L_0x6000004b8c40, L_0x6000004b8cb0, C4<1>, C4<1>;
L_0x6000004b8d90 .functor XOR 1, L_0x600001eb1360, L_0x600001eb1400, C4<0>, C4<0>;
L_0x6000004b8e00 .functor XOR 1, L_0x600001eb14a0, L_0x600001eb1540, C4<0>, C4<0>;
L_0x6000004b8e70 .functor AND 1, L_0x6000004b8d90, L_0x6000004b8e00, C4<1>, C4<1>;
v0x600001da4360_0 .net "A", 31 0, v0x600001da6490_0;  1 drivers
v0x600001da43f0_0 .net "ALUControl", 1 0, v0x600001db5950_0;  alias, 1 drivers
v0x600001da4480_0 .net "B", 31 0, L_0x600001eb0c80;  alias, 1 drivers
v0x600001da4510_0 .net *"_ivl_11", 0 0, L_0x600001eb10e0;  1 drivers
v0x600001da45a0_0 .net *"_ivl_12", 0 0, L_0x6000004b8c40;  1 drivers
v0x600001da4630_0 .net *"_ivl_15", 0 0, L_0x600001eb1180;  1 drivers
v0x600001da46c0_0 .net *"_ivl_17", 0 0, L_0x600001eb1220;  1 drivers
v0x600001da4750_0 .net *"_ivl_18", 0 0, L_0x6000004b8cb0;  1 drivers
v0x600001da47e0_0 .net *"_ivl_21", 0 0, L_0x6000004b8d20;  1 drivers
L_0x140050568 .functor BUFT 1, C4<10>, C4<0>, C4<0>, C4<0>;
v0x600001da4870_0 .net/2u *"_ivl_22", 1 0, L_0x140050568;  1 drivers
v0x600001da4900_0 .net *"_ivl_24", 0 0, L_0x600001eb12c0;  1 drivers
v0x600001da4990_0 .net *"_ivl_27", 0 0, L_0x600001eb1360;  1 drivers
v0x600001da4a20_0 .net *"_ivl_29", 0 0, L_0x600001eb1400;  1 drivers
v0x600001da4ab0_0 .net *"_ivl_30", 0 0, L_0x6000004b8d90;  1 drivers
v0x600001da4b40_0 .net *"_ivl_33", 0 0, L_0x600001eb14a0;  1 drivers
v0x600001da4bd0_0 .net *"_ivl_35", 0 0, L_0x600001eb1540;  1 drivers
v0x600001da4c60_0 .net *"_ivl_36", 0 0, L_0x6000004b8e00;  1 drivers
v0x600001da4cf0_0 .net *"_ivl_39", 0 0, L_0x6000004b8e70;  1 drivers
L_0x140050520 .functor BUFT 1, C4<00>, C4<0>, C4<0>, C4<0>;
v0x600001da4d80_0 .net/2u *"_ivl_4", 1 0, L_0x140050520;  1 drivers
L_0x1400505b0 .functor BUFT 1, C4<0>, C4<0>, C4<0>, C4<0>;
v0x600001da4e10_0 .net/2u *"_ivl_40", 0 0, L_0x1400505b0;  1 drivers
v0x600001da4ea0_0 .net *"_ivl_42", 0 0, L_0x600001eb15e0;  1 drivers
L_0x1400505f8 .functor BUFT 1, C4<00000000000000000000000000000000>, C4<0>, C4<0>, C4<0>;
v0x600001da4f30_0 .net/2u *"_ivl_46", 31 0, L_0x1400505f8;  1 drivers
v0x600001da4fc0_0 .net *"_ivl_6", 0 0, L_0x600001eb0fa0;  1 drivers
v0x600001da5050_0 .net *"_ivl_9", 0 0, L_0x600001eb1040;  1 drivers
v0x600001da50e0_0 .net "carry", 0 0, L_0x600001eb0f00;  alias, 1 drivers
v0x600001da5170_0 .net "overflow", 0 0, L_0x600001eb1680;  alias, 1 drivers
v0x600001da5200_0 .net "result", 31 0, L_0x600001eb0e60;  alias, 1 drivers
v0x600001da5290_0 .var "tmp", 32 0;
v0x600001da5320_0 .net "zero", 0 0, L_0x600001eb1720;  alias, 1 drivers
E_0x600003ab38c0 .event anyedge, v0x600001db5950_0, v0x600001da4360_0, v0x600001da4480_0;
L_0x600001eb0e60 .part v0x600001da5290_0, 0, 32;
L_0x600001eb0f00 .part v0x600001da5290_0, 32, 1;
L_0x600001eb0fa0 .cmp/eq 2, v0x600001db5950_0, L_0x140050520;
L_0x600001eb1040 .part v0x600001da6490_0, 31, 1;
L_0x600001eb10e0 .part L_0x600001eb0c80, 31, 1;
L_0x600001eb1180 .part L_0x600001eb0e60, 31, 1;
L_0x600001eb1220 .part v0x600001da6490_0, 31, 1;
L_0x600001eb12c0 .cmp/eq 2, v0x600001db5950_0, L_0x140050568;
L_0x600001eb1360 .part v0x600001da6490_0, 31, 1;
L_0x600001eb1400 .part L_0x600001eb0c80, 31, 1;
L_0x600001eb14a0 .part L_0x600001eb0e60, 31, 1;
L_0x600001eb1540 .part v0x600001da6490_0, 31, 1;
L_0x600001eb15e0 .functor MUXZ 1, L_0x1400505b0, L_0x6000004b8e70, L_0x600001eb12c0, C4<>;
L_0x600001eb1680 .functor MUXZ 1, L_0x600001eb15e0, L_0x6000004b8d20, L_0x600001eb0fa0, C4<>;
L_0x600001eb1720 .cmp/eq 32, L_0x600001eb0e60, L_0x1400505f8;
S_0x13ce0e870 .scope module, "dataMem1" "dataMem" 2 398, 10 12 0, S_0x13ce05860;
 .timescale -12 -13;
    .port_info 0 /INPUT 32 "address";
    .port_info 1 /INPUT 32 "writedata";
    .port_info 2 /INPUT 1 "WriteEn";
    .port_info 3 /INPUT 1 "MemRead";
    .port_info 4 /INPUT 1 "clk";
    .port_info 5 /OUTPUT 32 "data";
L_0x6000004b8ee0 .functor BUFZ 32, v0x600001da57a0_0, C4<00000000000000000000000000000000>, C4<00000000000000000000000000000000>, C4<00000000000000000000000000000000>;
v0x600001da5440_0 .net "MemRead", 0 0, v0x600001db6010_0;  alias, 1 drivers
v0x600001da54d0_0 .net "WriteEn", 0 0, v0x600001db62e0_0;  alias, 1 drivers
v0x600001da5560_0 .net "address", 31 0, v0x600001db5d40_0;  alias, 1 drivers
v0x600001da55f0_0 .net "clk", 0 0, v0x600001daa640_0;  alias, 1 drivers
v0x600001da5680_0 .net "data", 31 0, L_0x6000004b8ee0;  alias, 1 drivers
v0x600001da5710 .array "datamem", 0 31, 7 0;
v0x600001da57a0_0 .var "tmp", 31 0;
v0x600001da5830_0 .net "writedata", 31 0, v0x600001db6b50_0;  alias, 1 drivers
v0x600001da5710_0 .array/port v0x600001da5710, 0;
v0x600001da5710_1 .array/port v0x600001da5710, 1;
E_0x600003ab3800/0 .event anyedge, v0x600001db6010_0, v0x600001db5d40_0, v0x600001da5710_0, v0x600001da5710_1;
v0x600001da5710_2 .array/port v0x600001da5710, 2;
v0x600001da5710_3 .array/port v0x600001da5710, 3;
v0x600001da5710_4 .array/port v0x600001da5710, 4;
v0x600001da5710_5 .array/port v0x600001da5710, 5;
E_0x600003ab3800/1 .event anyedge, v0x600001da5710_2, v0x600001da5710_3, v0x600001da5710_4, v0x600001da5710_5;
v0x600001da5710_6 .array/port v0x600001da5710, 6;
v0x600001da5710_7 .array/port v0x600001da5710, 7;
v0x600001da5710_8 .array/port v0x600001da5710, 8;
v0x600001da5710_9 .array/port v0x600001da5710, 9;
E_0x600003ab3800/2 .event anyedge, v0x600001da5710_6, v0x600001da5710_7, v0x600001da5710_8, v0x600001da5710_9;
v0x600001da5710_10 .array/port v0x600001da5710, 10;
v0x600001da5710_11 .array/port v0x600001da5710, 11;
v0x600001da5710_12 .array/port v0x600001da5710, 12;
v0x600001da5710_13 .array/port v0x600001da5710, 13;
E_0x600003ab3800/3 .event anyedge, v0x600001da5710_10, v0x600001da5710_11, v0x600001da5710_12, v0x600001da5710_13;
v0x600001da5710_14 .array/port v0x600001da5710, 14;
v0x600001da5710_15 .array/port v0x600001da5710, 15;
v0x600001da5710_16 .array/port v0x600001da5710, 16;
v0x600001da5710_17 .array/port v0x600001da5710, 17;
E_0x600003ab3800/4 .event anyedge, v0x600001da5710_14, v0x600001da5710_15, v0x600001da5710_16, v0x600001da5710_17;
v0x600001da5710_18 .array/port v0x600001da5710, 18;
v0x600001da5710_19 .array/port v0x600001da5710, 19;
v0x600001da5710_20 .array/port v0x600001da5710, 20;
v0x600001da5710_21 .array/port v0x600001da5710, 21;
E_0x600003ab3800/5 .event anyedge, v0x600001da5710_18, v0x600001da5710_19, v0x600001da5710_20, v0x600001da5710_21;
v0x600001da5710_22 .array/port v0x600001da5710, 22;
v0x600001da5710_23 .array/port v0x600001da5710, 23;
v0x600001da5710_24 .array/port v0x600001da5710, 24;
v0x600001da5710_25 .array/port v0x600001da5710, 25;
E_0x600003ab3800/6 .event anyedge, v0x600001da5710_22, v0x600001da5710_23, v0x600001da5710_24, v0x600001da5710_25;
v0x600001da5710_26 .array/port v0x600001da5710, 26;
v0x600001da5710_27 .array/port v0x600001da5710, 27;
v0x600001da5710_28 .array/port v0x600001da5710, 28;
v0x600001da5710_29 .array/port v0x600001da5710, 29;
E_0x600003ab3800/7 .event anyedge, v0x600001da5710_26, v0x600001da5710_27, v0x600001da5710_28, v0x600001da5710_29;
v0x600001da5710_30 .array/port v0x600001da5710, 30;
v0x600001da5710_31 .array/port v0x600001da5710, 31;
E_0x600003ab3800/8 .event anyedge, v0x600001da5710_30, v0x600001da5710_31;
E_0x600003ab3800 .event/or E_0x600003ab3800/0, E_0x600003ab3800/1, E_0x600003ab3800/2, E_0x600003ab3800/3, E_0x600003ab3800/4, E_0x600003ab3800/5, E_0x600003ab3800/6, E_0x600003ab3800/7, E_0x600003ab3800/8;
E_0x600003ab3940 .event anyedge, v0x600001db62e0_0, v0x600001db6b50_0, v0x600001db5d40_0;
S_0x13ce0eaf0 .scope module, "regfile" "RegisterFile" 2 138, 4 15 0, S_0x13ce05860;
 .timescale -12 -13;
    .port_info 0 /INPUT 5 "ReadRegister1";
    .port_info 1 /INPUT 5 "ReadRegister2";
    .port_info 2 /INPUT 5 "WriteRegister";
    .port_info 3 /INPUT 32 "WriteData";
    .port_info 4 /INPUT 1 "RegWrite";
    .port_info 5 /INPUT 1 "reset";
    .port_info 6 /INPUT 1 "clk";
    .port_info 7 /OUTPUT 32 "ReadData1";
    .port_info 8 /OUTPUT 32 "ReadData2";
L_0x6000004b8b60 .functor BUFZ 32, L_0x600001eb0500, C4<00000000000000000000000000000000>, C4<00000000000000000000000000000000>, C4<00000000000000000000000000000000>;
L_0x6000004b8bd0 .functor BUFZ 32, L_0x600001eb0640, C4<00000000000000000000000000000000>, C4<00000000000000000000000000000000>, C4<00000000000000000000000000000000>;
v0x600001da58c0_0 .net "ReadData1", 31 0, L_0x6000004b8b60;  alias, 1 drivers
v0x600001da5950_0 .net "ReadData2", 31 0, L_0x6000004b8bd0;  alias, 1 drivers
v0x600001da59e0_0 .net "ReadRegister1", 4 0, L_0x600001eb0280;  alias, 1 drivers
v0x600001da5a70_0 .net "ReadRegister2", 4 0, L_0x600001eb0320;  alias, 1 drivers
v0x600001da5b00 .array "RegArray", 31 0, 31 0;
v0x600001da5b90_0 .net "RegWrite", 0 0, v0x600001da2fd0_0;  alias, 1 drivers
v0x600001da5c20_0 .net "WriteData", 31 0, L_0x600001eb1860;  alias, 1 drivers
v0x600001da5cb0_0 .net "WriteRegister", 4 0, v0x600001da32a0_0;  alias, 1 drivers
v0x600001da5d40_0 .net *"_ivl_0", 31 0, L_0x600001eb0500;  1 drivers
v0x600001da5dd0_0 .net *"_ivl_10", 6 0, L_0x600001eb06e0;  1 drivers
L_0x1400500a0 .functor BUFT 1, C4<00>, C4<0>, C4<0>, C4<0>;
v0x600001da5e60_0 .net *"_ivl_13", 1 0, L_0x1400500a0;  1 drivers
v0x600001da5ef0_0 .net *"_ivl_2", 6 0, L_0x600001eb05a0;  1 drivers
L_0x140050058 .functor BUFT 1, C4<00>, C4<0>, C4<0>, C4<0>;
v0x600001da5f80_0 .net *"_ivl_5", 1 0, L_0x140050058;  1 drivers
v0x600001da6010_0 .net *"_ivl_8", 31 0, L_0x600001eb0640;  1 drivers
v0x600001da60a0_0 .net "clk", 0 0, v0x600001daa640_0;  alias, 1 drivers
v0x600001da6130_0 .var/i "i", 31 0;
v0x600001da61c0_0 .net "reset", 0 0, v0x600001daa6d0_0;  alias, 1 drivers
E_0x600003ab3a00 .event posedge, v0x600001db5dd0_0, v0x600001db5c20_0;
L_0x600001eb0500 .array/port v0x600001da5b00, L_0x600001eb05a0;
L_0x600001eb05a0 .concat [ 5 2 0 0], L_0x600001eb0280, L_0x140050058;
L_0x600001eb0640 .array/port v0x600001da5b00, L_0x600001eb06e0;
L_0x600001eb06e0 .concat [ 5 2 0 0], L_0x600001eb0320, L_0x1400500a0;
    .scope S_0x13ce0e420;
T_0 ;
    %wait E_0x600003ab1fc0;
    %load/vec4 v0x600001da3c30_0;
    %flag_set/vec4 8;
    %jmp/0xz  T_0.0, 8;
    %pushi/vec4 0, 0, 32;
    %assign/vec4 v0x600001da3ba0_0, 0;
    %jmp T_0.1;
T_0.0 ;
    %load/vec4 v0x600001da39f0_0;
    %flag_set/vec4 8;
    %jmp/0xz  T_0.2, 8;
    %load/vec4 v0x600001da3b10_0;
    %assign/vec4 v0x600001da3ba0_0, 0;
T_0.2 ;
T_0.1 ;
    %jmp T_0;
    .thread T_0;
    .scope S_0x13ce0d810;
T_1 ;
    %wait E_0x600003ab3280;
    %load/vec4 v0x600001da2400_0;
    %ix/load 5, 2, 0;
    %flag_set/imm 4, 0;
    %shiftr 5;
    %ix/vec4 4;
    %load/vec4a v0x600001da2490, 4;
    %store/vec4 v0x600001da2520_0, 0, 32;
    %jmp T_1;
    .thread T_1, $push;
    .scope S_0x13ce0d810;
T_2 ;
    %vpi_call 6 30 "$readmemb", "instr.txt", v0x600001da2490 {0 0 0};
    %end;
    .thread T_2;
    .scope S_0x13ce0d530;
T_3 ;
    %wait E_0x600003ab1fc0;
    %load/vec4 v0x600001da20a0_0;
    %flag_set/vec4 8;
    %jmp/0xz  T_3.0, 8;
    %pushi/vec4 0, 0, 32;
    %assign/vec4 v0x600001da2010_0, 0;
    %jmp T_3.1;
T_3.0 ;
    %load/vec4 v0x600001da1e60_0;
    %flag_set/vec4 8;
    %jmp/0xz  T_3.2, 8;
    %load/vec4 v0x600001da1f80_0;
    %assign/vec4 v0x600001da2010_0, 0;
T_3.2 ;
T_3.1 ;
    %jmp T_3;
    .thread T_3;
    .scope S_0x13ce0d3c0;
T_4 ;
    %wait E_0x600003ab1fc0;
    %load/vec4 v0x600001da1dd0_0;
    %flag_set/vec4 8;
    %jmp/0xz  T_4.0, 8;
    %pushi/vec4 0, 0, 32;
    %assign/vec4 v0x600001da1d40_0, 0;
    %jmp T_4.1;
T_4.0 ;
    %load/vec4 v0x600001da1b90_0;
    %flag_set/vec4 8;
    %jmp/0xz  T_4.2, 8;
    %load/vec4 v0x600001da1cb0_0;
    %assign/vec4 v0x600001da1d40_0, 0;
T_4.2 ;
T_4.1 ;
    %jmp T_4;
    .thread T_4;
    .scope S_0x13ce0d6a0;
T_5 ;
    %wait E_0x600003ab1fc0;
    %load/vec4 v0x600001da2370_0;
    %flag_set/vec4 8;
    %jmp/0xz  T_5.0, 8;
    %pushi/vec4 0, 0, 1;
    %assign/vec4 v0x600001da22e0_0, 0;
    %jmp T_5.1;
T_5.0 ;
    %load/vec4 v0x600001da2130_0;
    %flag_set/vec4 8;
    %jmp/0xz  T_5.2, 8;
    %load/vec4 v0x600001da2250_0;
    %assign/vec4 v0x600001da22e0_0, 0;
T_5.2 ;
T_5.1 ;
    %jmp T_5;
    .thread T_5;
    .scope S_0x13ce0e0b0;
T_6 ;
    %wait E_0x600003ab3700;
    %load/vec4 v0x600001da37b0_0;
    %dup/vec4;
    %pushi/vec4 0, 0, 6;
    %cmp/u;
    %jmp/1 T_6.0, 6;
    %dup/vec4;
    %pushi/vec4 35, 0, 6;
    %cmp/u;
    %jmp/1 T_6.1, 6;
    %dup/vec4;
    %pushi/vec4 43, 0, 6;
    %cmp/u;
    %jmp/1 T_6.2, 6;
    %dup/vec4;
    %pushi/vec4 5, 0, 6;
    %cmp/u;
    %jmp/1 T_6.3, 6;
    %dup/vec4;
    %pushi/vec4 14, 0, 6;
    %cmp/u;
    %jmp/1 T_6.4, 6;
    %dup/vec4;
    %pushi/vec4 2, 0, 6;
    %cmp/u;
    %jmp/1 T_6.5, 6;
    %pushi/vec4 0, 0, 1;
    %store/vec4 v0x600001da3840_0, 0, 1;
    %pushi/vec4 0, 0, 1;
    %store/vec4 v0x600001da3450_0, 0, 1;
    %pushi/vec4 0, 0, 1;
    %store/vec4 v0x600001da3720_0, 0, 1;
    %pushi/vec4 0, 0, 1;
    %store/vec4 v0x600001da38d0_0, 0, 1;
    %pushi/vec4 0, 0, 1;
    %store/vec4 v0x600001da3600_0, 0, 1;
    %pushi/vec4 0, 0, 1;
    %store/vec4 v0x600001da3690_0, 0, 1;
    %pushi/vec4 0, 0, 1;
    %store/vec4 v0x600001da34e0_0, 0, 1;
    %pushi/vec4 2, 0, 2;
    %store/vec4 v0x600001da33c0_0, 0, 2;
    %pushi/vec4 0, 0, 1;
    %store/vec4 v0x600001da3570_0, 0, 1;
    %pushi/vec4 0, 0, 1;
    %store/vec4 v0x600001da3960_0, 0, 1;
    %jmp T_6.7;
T_6.0 ;
    %pushi/vec4 1, 0, 1;
    %store/vec4 v0x600001da3840_0, 0, 1;
    %pushi/vec4 0, 0, 1;
    %store/vec4 v0x600001da3450_0, 0, 1;
    %pushi/vec4 0, 0, 1;
    %store/vec4 v0x600001da3720_0, 0, 1;
    %pushi/vec4 1, 0, 1;
    %store/vec4 v0x600001da38d0_0, 0, 1;
    %pushi/vec4 0, 0, 1;
    %store/vec4 v0x600001da3600_0, 0, 1;
    %pushi/vec4 0, 0, 1;
    %store/vec4 v0x600001da3690_0, 0, 1;
    %pushi/vec4 0, 0, 1;
    %store/vec4 v0x600001da34e0_0, 0, 1;
    %pushi/vec4 2, 0, 2;
    %store/vec4 v0x600001da33c0_0, 0, 2;
    %pushi/vec4 0, 0, 1;
    %store/vec4 v0x600001da3570_0, 0, 1;
    %pushi/vec4 0, 0, 1;
    %store/vec4 v0x600001da3960_0, 0, 1;
    %jmp T_6.7;
T_6.1 ;
    %pushi/vec4 0, 0, 1;
    %store/vec4 v0x600001da3840_0, 0, 1;
    %pushi/vec4 1, 0, 1;
    %store/vec4 v0x600001da3450_0, 0, 1;
    %pushi/vec4 1, 0, 1;
    %store/vec4 v0x600001da3720_0, 0, 1;
    %pushi/vec4 1, 0, 1;
    %store/vec4 v0x600001da38d0_0, 0, 1;
    %pushi/vec4 1, 0, 1;
    %store/vec4 v0x600001da3600_0, 0, 1;
    %pushi/vec4 0, 0, 1;
    %store/vec4 v0x600001da3690_0, 0, 1;
    %pushi/vec4 0, 0, 1;
    %store/vec4 v0x600001da34e0_0, 0, 1;
    %pushi/vec4 0, 0, 2;
    %store/vec4 v0x600001da33c0_0, 0, 2;
    %pushi/vec4 0, 0, 1;
    %store/vec4 v0x600001da3570_0, 0, 1;
    %pushi/vec4 0, 0, 1;
    %store/vec4 v0x600001da3960_0, 0, 1;
    %jmp T_6.7;
T_6.2 ;
    %pushi/vec4 1, 1, 1;
    %store/vec4 v0x600001da3840_0, 0, 1;
    %pushi/vec4 1, 0, 1;
    %store/vec4 v0x600001da3450_0, 0, 1;
    %pushi/vec4 1, 1, 1;
    %store/vec4 v0x600001da3720_0, 0, 1;
    %pushi/vec4 0, 0, 1;
    %store/vec4 v0x600001da38d0_0, 0, 1;
    %pushi/vec4 0, 0, 1;
    %store/vec4 v0x600001da3600_0, 0, 1;
    %pushi/vec4 1, 0, 1;
    %store/vec4 v0x600001da3690_0, 0, 1;
    %pushi/vec4 0, 0, 1;
    %store/vec4 v0x600001da34e0_0, 0, 1;
    %pushi/vec4 0, 0, 2;
    %store/vec4 v0x600001da33c0_0, 0, 2;
    %pushi/vec4 0, 0, 1;
    %store/vec4 v0x600001da3570_0, 0, 1;
    %pushi/vec4 0, 0, 1;
    %store/vec4 v0x600001da3960_0, 0, 1;
    %jmp T_6.7;
T_6.3 ;
    %pushi/vec4 0, 0, 1;
    %store/vec4 v0x600001da3840_0, 0, 1;
    %pushi/vec4 0, 0, 1;
    %store/vec4 v0x600001da3450_0, 0, 1;
    %pushi/vec4 0, 0, 1;
    %store/vec4 v0x600001da3720_0, 0, 1;
    %pushi/vec4 0, 0, 1;
    %store/vec4 v0x600001da38d0_0, 0, 1;
    %pushi/vec4 0, 0, 1;
    %store/vec4 v0x600001da3600_0, 0, 1;
    %pushi/vec4 0, 0, 1;
    %store/vec4 v0x600001da3690_0, 0, 1;
    %pushi/vec4 1, 0, 1;
    %store/vec4 v0x600001da34e0_0, 0, 1;
    %pushi/vec4 1, 0, 2;
    %store/vec4 v0x600001da33c0_0, 0, 2;
    %pushi/vec4 0, 0, 1;
    %store/vec4 v0x600001da3570_0, 0, 1;
    %pushi/vec4 0, 0, 1;
    %store/vec4 v0x600001da3960_0, 0, 1;
    %jmp T_6.7;
T_6.4 ;
    %pushi/vec4 0, 0, 1;
    %store/vec4 v0x600001da3840_0, 0, 1;
    %pushi/vec4 1, 0, 1;
    %store/vec4 v0x600001da3450_0, 0, 1;
    %pushi/vec4 0, 0, 1;
    %store/vec4 v0x600001da3720_0, 0, 1;
    %pushi/vec4 1, 0, 1;
    %store/vec4 v0x600001da38d0_0, 0, 1;
    %pushi/vec4 0, 0, 1;
    %store/vec4 v0x600001da3600_0, 0, 1;
    %pushi/vec4 0, 0, 1;
    %store/vec4 v0x600001da3690_0, 0, 1;
    %pushi/vec4 0, 0, 1;
    %store/vec4 v0x600001da34e0_0, 0, 1;
    %pushi/vec4 3, 0, 2;
    %store/vec4 v0x600001da33c0_0, 0, 2;
    %pushi/vec4 0, 0, 1;
    %store/vec4 v0x600001da3570_0, 0, 1;
    %pushi/vec4 1, 0, 1;
    %store/vec4 v0x600001da3960_0, 0, 1;
    %jmp T_6.7;
T_6.5 ;
    %pushi/vec4 0, 0, 1;
    %store/vec4 v0x600001da3840_0, 0, 1;
    %pushi/vec4 0, 0, 1;
    %store/vec4 v0x600001da3450_0, 0, 1;
    %pushi/vec4 0, 0, 1;
    %store/vec4 v0x600001da3720_0, 0, 1;
    %pushi/vec4 0, 0, 1;
    %store/vec4 v0x600001da38d0_0, 0, 1;
    %pushi/vec4 0, 0, 1;
    %store/vec4 v0x600001da3600_0, 0, 1;
    %pushi/vec4 0, 0, 1;
    %store/vec4 v0x600001da3690_0, 0, 1;
    %pushi/vec4 0, 0, 1;
    %store/vec4 v0x600001da34e0_0, 0, 1;
    %pushi/vec4 0, 0, 2;
    %store/vec4 v0x600001da33c0_0, 0, 2;
    %pushi/vec4 1, 0, 1;
    %store/vec4 v0x600001da3570_0, 0, 1;
    %pushi/vec4 0, 0, 1;
    %store/vec4 v0x600001da3960_0, 0, 1;
    %jmp T_6.7;
T_6.7 ;
    %pop/vec4 1;
    %jmp T_6;
    .thread T_6, $push;
    .scope S_0x13ce0eaf0;
T_7 ;
    %pushi/vec4 0, 0, 32;
    %store/vec4 v0x600001da6130_0, 0, 32;
    %end;
    .thread T_7;
    .scope S_0x13ce0eaf0;
T_8 ;
    %wait E_0x600003ab3a00;
    %load/vec4 v0x600001da61c0_0;
    %flag_set/vec4 8;
    %jmp/0xz  T_8.0, 8;
    %pushi/vec4 0, 0, 32;
    %store/vec4 v0x600001da6130_0, 0, 32;
T_8.2 ;
    %load/vec4 v0x600001da6130_0;
    %cmpi/s 32, 0, 32;
    %jmp/0xz T_8.3, 5;
    %pushi/vec4 0, 0, 32;
    %ix/getv/s 3, v0x600001da6130_0;
    %ix/load 4, 0, 0; Constant delay
    %assign/vec4/a/d v0x600001da5b00, 0, 4;
    ; show_stmt_assign_vector: Get l-value for compressed += operand
    %load/vec4 v0x600001da6130_0;
    %pushi/vec4 1, 0, 32;
    %add;
    %store/vec4 v0x600001da6130_0, 0, 32;
    %jmp T_8.2;
T_8.3 ;
    %jmp T_8.1;
T_8.0 ;
    %load/vec4 v0x600001da5b90_0;
    %flag_set/vec4 9;
    %flag_get/vec4 9;
    %jmp/0 T_8.6, 9;
    %load/vec4 v0x600001da5cb0_0;
    %pad/u 32;
    %pushi/vec4 0, 0, 32;
    %cmp/ne;
    %flag_get/vec4 4;
    %and;
T_8.6;
    %flag_set/vec4 8;
    %jmp/0xz  T_8.4, 8;
    %load/vec4 v0x600001da5c20_0;
    %load/vec4 v0x600001da5cb0_0;
    %pad/u 7;
    %ix/vec4 4;
    %store/vec4a v0x600001da5b00, 4, 0;
T_8.4 ;
T_8.1 ;
    %jmp T_8;
    .thread T_8;
    .scope S_0x13ce0c720;
T_9 ;
    %wait E_0x600003ab1fc0;
    %load/vec4 v0x600001da0cf0_0;
    %flag_set/vec4 8;
    %jmp/0xz  T_9.0, 8;
    %pushi/vec4 0, 0, 32;
    %assign/vec4 v0x600001da0c60_0, 0;
    %jmp T_9.1;
T_9.0 ;
    %load/vec4 v0x600001da0ab0_0;
    %flag_set/vec4 8;
    %jmp/0xz  T_9.2, 8;
    %load/vec4 v0x600001da0bd0_0;
    %assign/vec4 v0x600001da0c60_0, 0;
T_9.2 ;
T_9.1 ;
    %jmp T_9;
    .thread T_9;
    .scope S_0x13ce0c890;
T_10 ;
    %wait E_0x600003ab1fc0;
    %load/vec4 v0x600001da0fc0_0;
    %flag_set/vec4 8;
    %jmp/0xz  T_10.0, 8;
    %pushi/vec4 0, 0, 32;
    %assign/vec4 v0x600001da0f30_0, 0;
    %jmp T_10.1;
T_10.0 ;
    %load/vec4 v0x600001da0d80_0;
    %flag_set/vec4 8;
    %jmp/0xz  T_10.2, 8;
    %load/vec4 v0x600001da0ea0_0;
    %assign/vec4 v0x600001da0f30_0, 0;
T_10.2 ;
T_10.1 ;
    %jmp T_10;
    .thread T_10;
    .scope S_0x13ce0ce00;
T_11 ;
    %wait E_0x600003ab1fc0;
    %load/vec4 v0x600001da1290_0;
    %flag_set/vec4 8;
    %jmp/0xz  T_11.0, 8;
    %pushi/vec4 0, 0, 32;
    %assign/vec4 v0x600001da1200_0, 0;
    %jmp T_11.1;
T_11.0 ;
    %load/vec4 v0x600001da1050_0;
    %flag_set/vec4 8;
    %jmp/0xz  T_11.2, 8;
    %load/vec4 v0x600001da1170_0;
    %assign/vec4 v0x600001da1200_0, 0;
T_11.2 ;
T_11.1 ;
    %jmp T_11;
    .thread T_11;
    .scope S_0x13ce0bff0;
T_12 ;
    %wait E_0x600003ab1fc0;
    %load/vec4 v0x600001db7e70_0;
    %flag_set/vec4 8;
    %jmp/0xz  T_12.0, 8;
    %pushi/vec4 0, 0, 32;
    %assign/vec4 v0x600001db7de0_0, 0;
    %jmp T_12.1;
T_12.0 ;
    %load/vec4 v0x600001db7c30_0;
    %flag_set/vec4 8;
    %jmp/0xz  T_12.2, 8;
    %load/vec4 v0x600001db7d50_0;
    %assign/vec4 v0x600001db7de0_0, 0;
T_12.2 ;
T_12.1 ;
    %jmp T_12;
    .thread T_12;
    .scope S_0x13ce0d250;
T_13 ;
    %wait E_0x600003ab1fc0;
    %load/vec4 v0x600001da1b00_0;
    %flag_set/vec4 8;
    %jmp/0xz  T_13.0, 8;
    %pushi/vec4 0, 0, 32;
    %assign/vec4 v0x600001da1a70_0, 0;
    %jmp T_13.1;
T_13.0 ;
    %load/vec4 v0x600001da18c0_0;
    %flag_set/vec4 8;
    %jmp/0xz  T_13.2, 8;
    %load/vec4 v0x600001da19e0_0;
    %assign/vec4 v0x600001da1a70_0, 0;
T_13.2 ;
T_13.1 ;
    %jmp T_13;
    .thread T_13;
    .scope S_0x13ce0cf70;
T_14 ;
    %wait E_0x600003ab1fc0;
    %load/vec4 v0x600001da1560_0;
    %flag_set/vec4 8;
    %jmp/0xz  T_14.0, 8;
    %pushi/vec4 0, 0, 1;
    %assign/vec4 v0x600001da14d0_0, 0;
    %jmp T_14.1;
T_14.0 ;
    %load/vec4 v0x600001da1320_0;
    %flag_set/vec4 8;
    %jmp/0xz  T_14.2, 8;
    %load/vec4 v0x600001da1440_0;
    %assign/vec4 v0x600001da14d0_0, 0;
T_14.2 ;
T_14.1 ;
    %jmp T_14;
    .thread T_14;
    .scope S_0x13ce0bd10;
T_15 ;
    %wait E_0x600003ab1fc0;
    %load/vec4 v0x600001db78d0_0;
    %flag_set/vec4 8;
    %jmp/0xz  T_15.0, 8;
    %pushi/vec4 0, 0, 1;
    %assign/vec4 v0x600001db7840_0, 0;
    %jmp T_15.1;
T_15.0 ;
    %load/vec4 v0x600001db7690_0;
    %flag_set/vec4 8;
    %jmp/0xz  T_15.2, 8;
    %load/vec4 v0x600001db77b0_0;
    %assign/vec4 v0x600001db7840_0, 0;
T_15.2 ;
T_15.1 ;
    %jmp T_15;
    .thread T_15;
    .scope S_0x13ce0c5b0;
T_16 ;
    %wait E_0x600003ab1fc0;
    %load/vec4 v0x600001da0a20_0;
    %flag_set/vec4 8;
    %jmp/0xz  T_16.0, 8;
    %pushi/vec4 0, 0, 1;
    %assign/vec4 v0x600001da0990_0, 0;
    %jmp T_16.1;
T_16.0 ;
    %load/vec4 v0x600001da07e0_0;
    %flag_set/vec4 8;
    %jmp/0xz  T_16.2, 8;
    %load/vec4 v0x600001da0900_0;
    %assign/vec4 v0x600001da0990_0, 0;
T_16.2 ;
T_16.1 ;
    %jmp T_16;
    .thread T_16;
    .scope S_0x13ce0d0e0;
T_17 ;
    %wait E_0x600003ab1fc0;
    %load/vec4 v0x600001da1830_0;
    %flag_set/vec4 8;
    %jmp/0xz  T_17.0, 8;
    %pushi/vec4 0, 0, 1;
    %assign/vec4 v0x600001da17a0_0, 0;
    %jmp T_17.1;
T_17.0 ;
    %load/vec4 v0x600001da15f0_0;
    %flag_set/vec4 8;
    %jmp/0xz  T_17.2, 8;
    %load/vec4 v0x600001da1710_0;
    %assign/vec4 v0x600001da17a0_0, 0;
T_17.2 ;
T_17.1 ;
    %jmp T_17;
    .thread T_17;
    .scope S_0x13ce0c2d0;
T_18 ;
    %wait E_0x600003ab1fc0;
    %load/vec4 v0x600001da0480_0;
    %flag_set/vec4 8;
    %jmp/0xz  T_18.0, 8;
    %pushi/vec4 0, 0, 1;
    %assign/vec4 v0x600001da03f0_0, 0;
    %jmp T_18.1;
T_18.0 ;
    %load/vec4 v0x600001da0240_0;
    %flag_set/vec4 8;
    %jmp/0xz  T_18.2, 8;
    %load/vec4 v0x600001da0360_0;
    %assign/vec4 v0x600001da03f0_0, 0;
T_18.2 ;
T_18.1 ;
    %jmp T_18;
    .thread T_18;
    .scope S_0x13ce0c440;
T_19 ;
    %wait E_0x600003ab1fc0;
    %load/vec4 v0x600001da0750_0;
    %flag_set/vec4 8;
    %jmp/0xz  T_19.0, 8;
    %pushi/vec4 0, 0, 1;
    %assign/vec4 v0x600001da06c0_0, 0;
    %jmp T_19.1;
T_19.0 ;
    %load/vec4 v0x600001da0510_0;
    %flag_set/vec4 8;
    %jmp/0xz  T_19.2, 8;
    %load/vec4 v0x600001da0630_0;
    %assign/vec4 v0x600001da06c0_0, 0;
T_19.2 ;
T_19.1 ;
    %jmp T_19;
    .thread T_19;
    .scope S_0x13ce0be80;
T_20 ;
    %wait E_0x600003ab1fc0;
    %load/vec4 v0x600001db7ba0_0;
    %flag_set/vec4 8;
    %jmp/0xz  T_20.0, 8;
    %pushi/vec4 0, 0, 1;
    %assign/vec4 v0x600001db7b10_0, 0;
    %jmp T_20.1;
T_20.0 ;
    %load/vec4 v0x600001db7960_0;
    %flag_set/vec4 8;
    %jmp/0xz  T_20.2, 8;
    %load/vec4 v0x600001db7a80_0;
    %assign/vec4 v0x600001db7b10_0, 0;
T_20.2 ;
T_20.1 ;
    %jmp T_20;
    .thread T_20;
    .scope S_0x13ce0c160;
T_21 ;
    %wait E_0x600003ab1fc0;
    %load/vec4 v0x600001da01b0_0;
    %flag_set/vec4 8;
    %jmp/0xz  T_21.0, 8;
    %pushi/vec4 0, 0, 1;
    %assign/vec4 v0x600001da0120_0, 0;
    %jmp T_21.1;
T_21.0 ;
    %load/vec4 v0x600001db7f00_0;
    %flag_set/vec4 8;
    %jmp/0xz  T_21.2, 8;
    %load/vec4 v0x600001da0090_0;
    %assign/vec4 v0x600001da0120_0, 0;
T_21.2 ;
T_21.1 ;
    %jmp T_21;
    .thread T_21;
    .scope S_0x13ce0bba0;
T_22 ;
    %wait E_0x600003ab1fc0;
    %load/vec4 v0x600001db7600_0;
    %flag_set/vec4 8;
    %jmp/0xz  T_22.0, 8;
    %pushi/vec4 0, 0, 2;
    %assign/vec4 v0x600001db7570_0, 0;
    %jmp T_22.1;
T_22.0 ;
    %load/vec4 v0x600001db73c0_0;
    %flag_set/vec4 8;
    %jmp/0xz  T_22.2, 8;
    %load/vec4 v0x600001db74e0_0;
    %assign/vec4 v0x600001db7570_0, 0;
T_22.2 ;
T_22.1 ;
    %jmp T_22;
    .thread T_22;
    .scope S_0x13ce0ba30;
T_23 ;
    %wait E_0x600003ab2500;
    %pushi/vec4 0, 0, 2;
    %store/vec4 v0x600001db7060_0, 0, 2;
    %pushi/vec4 0, 0, 2;
    %store/vec4 v0x600001db70f0_0, 0, 2;
    %load/vec4 v0x600001db6f40_0;
    %flag_set/vec4 10;
    %flag_get/vec4 10;
    %jmp/0 T_23.3, 10;
    %load/vec4 v0x600001db6fd0_0;
    %pad/u 32;
    %pushi/vec4 0, 0, 32;
    %cmp/ne;
    %flag_get/vec4 4;
    %and;
T_23.3;
    %flag_set/vec4 9;
    %flag_get/vec4 9;
    %jmp/0 T_23.2, 9;
    %load/vec4 v0x600001db6fd0_0;
    %load/vec4 v0x600001db7180_0;
    %cmp/e;
    %flag_get/vec4 4;
    %and;
T_23.2;
    %flag_set/vec4 8;
    %jmp/0xz  T_23.0, 8;
    %pushi/vec4 2, 0, 2;
    %store/vec4 v0x600001db7060_0, 0, 2;
    %jmp T_23.1;
T_23.0 ;
    %load/vec4 v0x600001db72a0_0;
    %flag_set/vec4 10;
    %flag_get/vec4 10;
    %jmp/0 T_23.7, 10;
    %load/vec4 v0x600001db7330_0;
    %pad/u 32;
    %pushi/vec4 0, 0, 32;
    %cmp/ne;
    %flag_get/vec4 4;
    %and;
T_23.7;
    %flag_set/vec4 9;
    %flag_get/vec4 9;
    %jmp/0 T_23.6, 9;
    %load/vec4 v0x600001db7330_0;
    %load/vec4 v0x600001db7180_0;
    %cmp/e;
    %flag_get/vec4 4;
    %and;
T_23.6;
    %flag_set/vec4 8;
    %jmp/0xz  T_23.4, 8;
    %pushi/vec4 1, 0, 2;
    %store/vec4 v0x600001db7060_0, 0, 2;
T_23.4 ;
T_23.1 ;
    %load/vec4 v0x600001db6f40_0;
    %flag_set/vec4 10;
    %flag_get/vec4 10;
    %jmp/0 T_23.11, 10;
    %load/vec4 v0x600001db6fd0_0;
    %pad/u 32;
    %pushi/vec4 0, 0, 32;
    %cmp/ne;
    %flag_get/vec4 4;
    %and;
T_23.11;
    %flag_set/vec4 9;
    %flag_get/vec4 9;
    %jmp/0 T_23.10, 9;
    %load/vec4 v0x600001db6fd0_0;
    %load/vec4 v0x600001db7210_0;
    %cmp/e;
    %flag_get/vec4 4;
    %and;
T_23.10;
    %flag_set/vec4 8;
    %jmp/0xz  T_23.8, 8;
    %pushi/vec4 2, 0, 2;
    %store/vec4 v0x600001db70f0_0, 0, 2;
    %jmp T_23.9;
T_23.8 ;
    %load/vec4 v0x600001db72a0_0;
    %flag_set/vec4 10;
    %flag_get/vec4 10;
    %jmp/0 T_23.15, 10;
    %load/vec4 v0x600001db7330_0;
    %pad/u 32;
    %pushi/vec4 0, 0, 32;
    %cmp/ne;
    %flag_get/vec4 4;
    %and;
T_23.15;
    %flag_set/vec4 9;
    %flag_get/vec4 9;
    %jmp/0 T_23.14, 9;
    %load/vec4 v0x600001db7330_0;
    %load/vec4 v0x600001db7210_0;
    %cmp/e;
    %flag_get/vec4 4;
    %and;
T_23.14;
    %flag_set/vec4 8;
    %jmp/0xz  T_23.12, 8;
    %pushi/vec4 1, 0, 2;
    %store/vec4 v0x600001db70f0_0, 0, 2;
T_23.12 ;
T_23.9 ;
    %jmp T_23;
    .thread T_23, $push;
    .scope S_0x13ce047c0;
T_24 ;
    %wait E_0x600003ab1f00;
    %load/vec4 v0x600001db59e0_0;
    %dup/vec4;
    %pushi/vec4 255, 63, 8;
    %cmp/x;
    %jmp/1 T_24.0, 4;
    %dup/vec4;
    %pushi/vec4 63, 63, 8;
    %cmp/x;
    %jmp/1 T_24.1, 4;
    %dup/vec4;
    %pushi/vec4 127, 63, 8;
    %cmp/x;
    %jmp/1 T_24.2, 4;
    %dup/vec4;
    %pushi/vec4 160, 0, 8;
    %cmp/x;
    %jmp/1 T_24.3, 4;
    %dup/vec4;
    %pushi/vec4 162, 0, 8;
    %cmp/x;
    %jmp/1 T_24.4, 4;
    %dup/vec4;
    %pushi/vec4 170, 0, 8;
    %cmp/x;
    %jmp/1 T_24.5, 4;
    %pushi/vec4 0, 0, 2;
    %store/vec4 v0x600001db5950_0, 0, 2;
    %jmp T_24.7;
T_24.0 ;
    %pushi/vec4 1, 0, 2;
    %store/vec4 v0x600001db5950_0, 0, 2;
    %jmp T_24.7;
T_24.1 ;
    %pushi/vec4 0, 0, 2;
    %store/vec4 v0x600001db5950_0, 0, 2;
    %jmp T_24.7;
T_24.2 ;
    %pushi/vec4 2, 0, 2;
    %store/vec4 v0x600001db5950_0, 0, 2;
    %jmp T_24.7;
T_24.3 ;
    %pushi/vec4 0, 0, 2;
    %store/vec4 v0x600001db5950_0, 0, 2;
    %jmp T_24.7;
T_24.4 ;
    %pushi/vec4 2, 0, 2;
    %store/vec4 v0x600001db5950_0, 0, 2;
    %jmp T_24.7;
T_24.5 ;
    %pushi/vec4 3, 0, 2;
    %store/vec4 v0x600001db5950_0, 0, 2;
    %jmp T_24.7;
T_24.7 ;
    %pop/vec4 1;
    %jmp T_24;
    .thread T_24, $push;
    .scope S_0x13ce0e700;
T_25 ;
    %wait E_0x600003ab38c0;
    %load/vec4 v0x600001da43f0_0;
    %dup/vec4;
    %pushi/vec4 0, 0, 2;
    %cmp/u;
    %jmp/1 T_25.0, 6;
    %dup/vec4;
    %pushi/vec4 1, 0, 2;
    %cmp/u;
    %jmp/1 T_25.1, 6;
    %dup/vec4;
    %pushi/vec4 2, 0, 2;
    %cmp/u;
    %jmp/1 T_25.2, 6;
    %dup/vec4;
    %pushi/vec4 3, 0, 2;
    %cmp/u;
    %jmp/1 T_25.3, 6;
    %pushi/vec4 0, 0, 33;
    %store/vec4 v0x600001da5290_0, 0, 33;
    %jmp T_25.5;
T_25.0 ;
    %load/vec4 v0x600001da4360_0;
    %pad/u 33;
    %load/vec4 v0x600001da4480_0;
    %pad/u 33;
    %add;
    %store/vec4 v0x600001da5290_0, 0, 33;
    %jmp T_25.5;
T_25.1 ;
    %pushi/vec4 0, 0, 1;
    %load/vec4 v0x600001da4360_0;
    %load/vec4 v0x600001da4480_0;
    %xor;
    %concat/vec4; draw_concat_vec4
    %store/vec4 v0x600001da5290_0, 0, 33;
    %jmp T_25.5;
T_25.2 ;
    %load/vec4 v0x600001da4360_0;
    %pad/u 33;
    %load/vec4 v0x600001da4480_0;
    %pad/u 33;
    %sub;
    %store/vec4 v0x600001da5290_0, 0, 33;
    %jmp T_25.5;
T_25.3 ;
    %load/vec4 v0x600001da4360_0;
    %load/vec4 v0x600001da4480_0;
    %cmp/u;
    %flag_mov 8, 5;
    %jmp/0 T_25.6, 8;
    %pushi/vec4 1, 0, 33;
    %jmp/1 T_25.7, 8;
T_25.6 ; End of true expr.
    %pushi/vec4 0, 0, 33;
    %jmp/0 T_25.7, 8;
 ; End of false expr.
    %blend;
T_25.7;
    %store/vec4 v0x600001da5290_0, 0, 33;
    %jmp T_25.5;
T_25.5 ;
    %pop/vec4 1;
    %jmp T_25;
    .thread T_25, $push;
    .scope S_0x13ce04930;
T_26 ;
    %wait E_0x600003ab1fc0;
    %load/vec4 v0x600001db5dd0_0;
    %flag_set/vec4 8;
    %jmp/0xz  T_26.0, 8;
    %pushi/vec4 0, 0, 32;
    %assign/vec4 v0x600001db5d40_0, 0;
    %jmp T_26.1;
T_26.0 ;
    %load/vec4 v0x600001db5b90_0;
    %flag_set/vec4 8;
    %jmp/0xz  T_26.2, 8;
    %load/vec4 v0x600001db5cb0_0;
    %assign/vec4 v0x600001db5d40_0, 0;
T_26.2 ;
T_26.1 ;
    %jmp T_26;
    .thread T_26;
    .scope S_0x13ce0b750;
T_27 ;
    %wait E_0x600003ab1fc0;
    %load/vec4 v0x600001db6be0_0;
    %flag_set/vec4 8;
    %jmp/0xz  T_27.0, 8;
    %pushi/vec4 0, 0, 32;
    %assign/vec4 v0x600001db6b50_0, 0;
    %jmp T_27.1;
T_27.0 ;
    %load/vec4 v0x600001db69a0_0;
    %flag_set/vec4 8;
    %jmp/0xz  T_27.2, 8;
    %load/vec4 v0x600001db6ac0_0;
    %assign/vec4 v0x600001db6b50_0, 0;
T_27.2 ;
T_27.1 ;
    %jmp T_27;
    .thread T_27;
    .scope S_0x13ce04fd0;
T_28 ;
    %wait E_0x600003ab1fc0;
    %load/vec4 v0x600001db6640_0;
    %flag_set/vec4 8;
    %jmp/0xz  T_28.0, 8;
    %pushi/vec4 0, 0, 1;
    %assign/vec4 v0x600001db65b0_0, 0;
    %jmp T_28.1;
T_28.0 ;
    %load/vec4 v0x600001db6400_0;
    %flag_set/vec4 8;
    %jmp/0xz  T_28.2, 8;
    %load/vec4 v0x600001db6520_0;
    %assign/vec4 v0x600001db65b0_0, 0;
T_28.2 ;
T_28.1 ;
    %jmp T_28;
    .thread T_28;
    .scope S_0x13ce05140;
T_29 ;
    %wait E_0x600003ab1fc0;
    %load/vec4 v0x600001db6910_0;
    %flag_set/vec4 8;
    %jmp/0xz  T_29.0, 8;
    %pushi/vec4 0, 0, 1;
    %assign/vec4 v0x600001db6880_0, 0;
    %jmp T_29.1;
T_29.0 ;
    %load/vec4 v0x600001db66d0_0;
    %flag_set/vec4 8;
    %jmp/0xz  T_29.2, 8;
    %load/vec4 v0x600001db67f0_0;
    %assign/vec4 v0x600001db6880_0, 0;
T_29.2 ;
T_29.1 ;
    %jmp T_29;
    .thread T_29;
    .scope S_0x13ce04cf0;
T_30 ;
    %wait E_0x600003ab1fc0;
    %load/vec4 v0x600001db60a0_0;
    %flag_set/vec4 8;
    %jmp/0xz  T_30.0, 8;
    %pushi/vec4 0, 0, 1;
    %assign/vec4 v0x600001db6010_0, 0;
    %jmp T_30.1;
T_30.0 ;
    %load/vec4 v0x600001db5e60_0;
    %flag_set/vec4 8;
    %jmp/0xz  T_30.2, 8;
    %load/vec4 v0x600001db5f80_0;
    %assign/vec4 v0x600001db6010_0, 0;
T_30.2 ;
T_30.1 ;
    %jmp T_30;
    .thread T_30;
    .scope S_0x13ce04e60;
T_31 ;
    %wait E_0x600003ab1fc0;
    %load/vec4 v0x600001db6370_0;
    %flag_set/vec4 8;
    %jmp/0xz  T_31.0, 8;
    %pushi/vec4 0, 0, 1;
    %assign/vec4 v0x600001db62e0_0, 0;
    %jmp T_31.1;
T_31.0 ;
    %load/vec4 v0x600001db6130_0;
    %flag_set/vec4 8;
    %jmp/0xz  T_31.2, 8;
    %load/vec4 v0x600001db6250_0;
    %assign/vec4 v0x600001db62e0_0, 0;
T_31.2 ;
T_31.1 ;
    %jmp T_31;
    .thread T_31;
    .scope S_0x13ce0b8c0;
T_32 ;
    %wait E_0x600003ab1fc0;
    %load/vec4 v0x600001db6eb0_0;
    %flag_set/vec4 8;
    %jmp/0xz  T_32.0, 8;
    %pushi/vec4 0, 0, 5;
    %assign/vec4 v0x600001db6e20_0, 0;
    %jmp T_32.1;
T_32.0 ;
    %load/vec4 v0x600001db6c70_0;
    %flag_set/vec4 8;
    %jmp/0xz  T_32.2, 8;
    %load/vec4 v0x600001db6d90_0;
    %assign/vec4 v0x600001db6e20_0, 0;
T_32.2 ;
T_32.1 ;
    %jmp T_32;
    .thread T_32;
    .scope S_0x13ce0e870;
T_33 ;
    %wait E_0x600003ab3940;
    %load/vec4 v0x600001da54d0_0;
    %flag_set/vec4 8;
    %jmp/0xz  T_33.0, 8;
    %load/vec4 v0x600001da5830_0;
    %parti/s 8, 24, 6;
    %ix/getv 4, v0x600001da5560_0;
    %store/vec4a v0x600001da5710, 4, 0;
    %load/vec4 v0x600001da5830_0;
    %parti/s 8, 16, 6;
    %load/vec4 v0x600001da5560_0;
    %addi 1, 0, 32;
    %ix/vec4 4;
    %store/vec4a v0x600001da5710, 4, 0;
    %load/vec4 v0x600001da5830_0;
    %parti/s 8, 8, 5;
    %load/vec4 v0x600001da5560_0;
    %addi 2, 0, 32;
    %ix/vec4 4;
    %store/vec4a v0x600001da5710, 4, 0;
    %load/vec4 v0x600001da5830_0;
    %parti/s 8, 0, 2;
    %load/vec4 v0x600001da5560_0;
    %addi 3, 0, 32;
    %ix/vec4 4;
    %store/vec4a v0x600001da5710, 4, 0;
T_33.0 ;
    %jmp T_33;
    .thread T_33, $push;
    .scope S_0x13ce0e870;
T_34 ;
    %wait E_0x600003ab3800;
    %load/vec4 v0x600001da5440_0;
    %flag_set/vec4 8;
    %jmp/0xz  T_34.0, 8;
    %ix/getv 4, v0x600001da5560_0;
    %load/vec4a v0x600001da5710, 4;
    %load/vec4 v0x600001da5560_0;
    %addi 1, 0, 32;
    %ix/vec4 4;
    %load/vec4a v0x600001da5710, 4;
    %concat/vec4; draw_concat_vec4
    %load/vec4 v0x600001da5560_0;
    %addi 2, 0, 32;
    %ix/vec4 4;
    %load/vec4a v0x600001da5710, 4;
    %concat/vec4; draw_concat_vec4
    %load/vec4 v0x600001da5560_0;
    %addi 3, 0, 32;
    %ix/vec4 4;
    %load/vec4a v0x600001da5710, 4;
    %concat/vec4; draw_concat_vec4
    %store/vec4 v0x600001da57a0_0, 0, 32;
T_34.0 ;
    %jmp T_34;
    .thread T_34, $push;
    .scope S_0x13ce0dc60;
T_35 ;
    %wait E_0x600003ab1fc0;
    %load/vec4 v0x600001da2d90_0;
    %flag_set/vec4 8;
    %jmp/0xz  T_35.0, 8;
    %pushi/vec4 0, 0, 32;
    %assign/vec4 v0x600001da2d00_0, 0;
    %jmp T_35.1;
T_35.0 ;
    %load/vec4 v0x600001da2b50_0;
    %flag_set/vec4 8;
    %jmp/0xz  T_35.2, 8;
    %load/vec4 v0x600001da2c70_0;
    %assign/vec4 v0x600001da2d00_0, 0;
T_35.2 ;
T_35.1 ;
    %jmp T_35;
    .thread T_35;
    .scope S_0x13ce0d980;
T_36 ;
    %wait E_0x600003ab1fc0;
    %load/vec4 v0x600001da27f0_0;
    %flag_set/vec4 8;
    %jmp/0xz  T_36.0, 8;
    %pushi/vec4 0, 0, 32;
    %assign/vec4 v0x600001da2760_0, 0;
    %jmp T_36.1;
T_36.0 ;
    %load/vec4 v0x600001da25b0_0;
    %flag_set/vec4 8;
    %jmp/0xz  T_36.2, 8;
    %load/vec4 v0x600001da26d0_0;
    %assign/vec4 v0x600001da2760_0, 0;
T_36.2 ;
T_36.1 ;
    %jmp T_36;
    .thread T_36;
    .scope S_0x13ce0df40;
T_37 ;
    %wait E_0x600003ab1fc0;
    %load/vec4 v0x600001da3330_0;
    %flag_set/vec4 8;
    %jmp/0xz  T_37.0, 8;
    %pushi/vec4 0, 0, 5;
    %assign/vec4 v0x600001da32a0_0, 0;
    %jmp T_37.1;
T_37.0 ;
    %load/vec4 v0x600001da30f0_0;
    %flag_set/vec4 8;
    %jmp/0xz  T_37.2, 8;
    %load/vec4 v0x600001da3210_0;
    %assign/vec4 v0x600001da32a0_0, 0;
T_37.2 ;
T_37.1 ;
    %jmp T_37;
    .thread T_37;
    .scope S_0x13ce0daf0;
T_38 ;
    %wait E_0x600003ab1fc0;
    %load/vec4 v0x600001da2ac0_0;
    %flag_set/vec4 8;
    %jmp/0xz  T_38.0, 8;
    %pushi/vec4 0, 0, 1;
    %assign/vec4 v0x600001da2a30_0, 0;
    %jmp T_38.1;
T_38.0 ;
    %load/vec4 v0x600001da2880_0;
    %flag_set/vec4 8;
    %jmp/0xz  T_38.2, 8;
    %load/vec4 v0x600001da29a0_0;
    %assign/vec4 v0x600001da2a30_0, 0;
T_38.2 ;
T_38.1 ;
    %jmp T_38;
    .thread T_38;
    .scope S_0x13ce0ddd0;
T_39 ;
    %wait E_0x600003ab1fc0;
    %load/vec4 v0x600001da3060_0;
    %flag_set/vec4 8;
    %jmp/0xz  T_39.0, 8;
    %pushi/vec4 0, 0, 1;
    %assign/vec4 v0x600001da2fd0_0, 0;
    %jmp T_39.1;
T_39.0 ;
    %load/vec4 v0x600001da2e20_0;
    %flag_set/vec4 8;
    %jmp/0xz  T_39.2, 8;
    %load/vec4 v0x600001da2f40_0;
    %assign/vec4 v0x600001da2fd0_0, 0;
T_39.2 ;
T_39.1 ;
    %jmp T_39;
    .thread T_39;
    .scope S_0x13ce05860;
T_40 ;
    %wait E_0x600003ab1ec0;
    %load/vec4 v0x600001da7180_0;
    %dup/vec4;
    %pushi/vec4 0, 0, 2;
    %cmp/u;
    %jmp/1 T_40.0, 6;
    %dup/vec4;
    %pushi/vec4 2, 0, 2;
    %cmp/u;
    %jmp/1 T_40.1, 6;
    %dup/vec4;
    %pushi/vec4 1, 0, 2;
    %cmp/u;
    %jmp/1 T_40.2, 6;
    %jmp T_40.3;
T_40.0 ;
    %load/vec4 v0x600001da6d00_0;
    %store/vec4 v0x600001da6490_0, 0, 32;
    %jmp T_40.3;
T_40.1 ;
    %load/vec4 v0x600001da7f00_0;
    %store/vec4 v0x600001da6490_0, 0, 32;
    %jmp T_40.3;
T_40.2 ;
    %load/vec4 v0x600001da90e0_0;
    %store/vec4 v0x600001da6490_0, 0, 32;
    %jmp T_40.3;
T_40.3 ;
    %pop/vec4 1;
    %jmp T_40;
    .thread T_40, $push;
    .scope S_0x13ce05860;
T_41 ;
    %wait E_0x600003ab1e80;
    %load/vec4 v0x600001da7210_0;
    %dup/vec4;
    %pushi/vec4 0, 0, 2;
    %cmp/u;
    %jmp/1 T_41.0, 6;
    %dup/vec4;
    %pushi/vec4 2, 0, 2;
    %cmp/u;
    %jmp/1 T_41.1, 6;
    %dup/vec4;
    %pushi/vec4 1, 0, 2;
    %cmp/u;
    %jmp/1 T_41.2, 6;
    %jmp T_41.3;
T_41.0 ;
    %load/vec4 v0x600001da6d90_0;
    %store/vec4 v0x600001da65b0_0, 0, 32;
    %jmp T_41.3;
T_41.1 ;
    %load/vec4 v0x600001da7f00_0;
    %store/vec4 v0x600001da65b0_0, 0, 32;
    %jmp T_41.3;
T_41.2 ;
    %load/vec4 v0x600001da90e0_0;
    %store/vec4 v0x600001da65b0_0, 0, 32;
    %jmp T_41.3;
T_41.3 ;
    %pop/vec4 1;
    %jmp T_41;
    .thread T_41, $push;
    .scope S_0x13ce056f0;
T_42 ;
    %pushi/vec4 0, 0, 1;
    %store/vec4 v0x600001daa640_0, 0, 1;
T_42.0 ;
    %delay 25000, 0;
    %load/vec4 v0x600001daa640_0;
    %inv;
    %store/vec4 v0x600001daa640_0, 0, 1;
    %jmp T_42.0;
    %end;
    .thread T_42;
    .scope S_0x13ce056f0;
T_43 ;
    %pushi/vec4 1, 0, 1;
    %store/vec4 v0x600001daa6d0_0, 0, 1;
    %delay 100000, 0;
    %pushi/vec4 0, 0, 1;
    %store/vec4 v0x600001daa6d0_0, 0, 1;
    %end;
    .thread T_43;
    .scope S_0x13ce056f0;
T_44 ;
    %vpi_call 2 530 "$dumpfile", "mips.vcd" {0 0 0};
    %vpi_call 2 531 "$dumpvars", 32'sb00000000000000000000000000000000, S_0x13ce05860 {0 0 0};
    %vpi_call 2 534 "$monitor", "PC=%h  IF_instr=%b ", v0x600001da8630_0, v0x600001da7c30_0, "id_instr=%b ifid_flush=%h ", v0x600001da74e0_0, v0x600001da7a80_0, "$zero=%h $s0=%h $s1=%h $s2=%h $s3=%h $s4=%h $s5=%h %b", &A<v0x600001da5b00, 0>, &A<v0x600001da5b00, 16>, &A<v0x600001da5b00, 17>, &A<v0x600001da5b00, 18>, &A<v0x600001da5b00, 19>, &A<v0x600001da5b00, 20>, &A<v0x600001da5b00, 21>, v0x600001da8e10_0 {0 0 0};
    %delay 1600000, 0;
    %vpi_call 2 546 "$finish" {0 0 0};
    %end;
    .thread T_44;
# The file index is used to find the file name in the following table.
:file_names 11;
    "N/A";
    "<interactive>";
    "top.v";
    "./ALUControl.v";
    "./register.v";
    "./forwarding.v";
    "./instrMem.v";
    "./control.v";
    "./stallControl.v";
    "./alu.v";
    "./dataMem.v";
